============================================================
1: Run-Test/Idle

IR:
    length:      10
    read_only:   False
    reset:       6
    value:       -1

IR code: 6
IDCODE:
    length:      32
    read_only:   True
    reset:       20b10dd
    value:       -1

IR code: 3ff
BYPASS:
    length:      1
    read_only:   False
    reset:       0
    value:       -1

IR code: c
USER0 - VDR:

IR code: e
USER1 - VIR:
    length:      Unknown
    read_only:   False
    reset:       0
    value:       -1


============================================================
2: Select-DR-Scan

IR:
    length:      10
    read_only:   False
    reset:       6
    value:       -1

IR code: 6
IDCODE:
    length:      32
    read_only:   True
    reset:       20b10dd
    value:       -1

IR code: 3ff
BYPASS:
    length:      1
    read_only:   False
    reset:       0
    value:       -1

IR code: c
USER0 - VDR:

IR code: e
USER1 - VIR:
    length:      Unknown
    read_only:   False
    reset:       0
    value:       -1


============================================================
3: Select-IR-Scan

IR:
    length:      10
    read_only:   False
    reset:       6
    value:       -1

IR code: 6
IDCODE:
    length:      32
    read_only:   True
    reset:       20b10dd
    value:       -1

IR code: 3ff
BYPASS:
    length:      1
    read_only:   False
    reset:       0
    value:       -1

IR code: c
USER0 - VDR:

IR code: e
USER1 - VIR:
    length:      Unknown
    read_only:   False
    reset:       0
    value:       -1


============================================================
4: Test-Logic-Reset

IR:
    length:      10
    read_only:   False
    reset:       6
    value:       6

IR code: 6
IDCODE:
    length:      32
    read_only:   True
    reset:       20b10dd
    value:       20b10dd

IR code: 3ff
BYPASS:
    length:      1
    read_only:   False
    reset:       0
    value:       0

IR code: c
USER0 - VDR:

IR code: e
USER1 - VIR:
    length:      Unknown
    read_only:   False
    reset:       0
    value:       0


============================================================
5: Run-Test/Idle

IR:
    length:      10
    read_only:   False
    reset:       6
    value:       6

IR code: 6
IDCODE:
    length:      32
    read_only:   True
    reset:       20b10dd
    value:       20b10dd

IR code: 3ff
BYPASS:
    length:      1
    read_only:   False
    reset:       0
    value:       0

IR code: c
USER0 - VDR:

IR code: e
USER1 - VIR:
    length:      Unknown
    read_only:   False
    reset:       0
    value:       0


============================================================
6: Select-DR-Scan

IR:
    length:      10
    read_only:   False
    reset:       6
    value:       6

IR code: 6
IDCODE:
    length:      32
    read_only:   True
    reset:       20b10dd
    value:       20b10dd

IR code: 3ff
BYPASS:
    length:      1
    read_only:   False
    reset:       0
    value:       0

IR code: c
USER0 - VDR:

IR code: e
USER1 - VIR:
    length:      Unknown
    read_only:   False
    reset:       0
    value:       0


============================================================
7: Capture-DR

IR:
    length:      10
    read_only:   False
    reset:       6
    value:       6

IR code: 6
IDCODE:
    length:      32
    read_only:   True
    reset:       20b10dd
    value:       20b10dd

IR code: 3ff
BYPASS:
    length:      1
    read_only:   False
    reset:       0
    value:       0

IR code: c
USER0 - VDR:

IR code: e
USER1 - VIR:
    length:      Unknown
    read_only:   False
    reset:       0
    value:       0


============================================================
8: Shift-DR - TDI 1ffffffffffffffffffffffff0fecc0ff - TDO 1ffffffffffffffff0fecc0ff020b10dd - 129

Shift-DR: IDCODE

Lower TDO value match! 20b10dd
Upper TDO value match! 1ffffffffffffffff0fecc0ff
IR:
    length:      10
    read_only:   False
    reset:       6
    value:       6

IR code: 6
IDCODE:
    length:      32
    read_only:   True
    reset:       20b10dd
    value:       20b10dd

IR code: 3ff
BYPASS:
    length:      1
    read_only:   False
    reset:       0
    value:       0

IR code: c
USER0 - VDR:

IR code: e
USER1 - VIR:
    length:      Unknown
    read_only:   False
    reset:       0
    value:       0


============================================================
9: Exit1-DR

IR:
    length:      10
    read_only:   False
    reset:       6
    value:       6

IR code: 6
IDCODE:
    length:      32
    read_only:   True
    reset:       20b10dd
    value:       20b10dd

IR code: 3ff
BYPASS:
    length:      1
    read_only:   False
    reset:       0
    value:       0

IR code: c
USER0 - VDR:

IR code: e
USER1 - VIR:
    length:      Unknown
    read_only:   False
    reset:       0
    value:       0


============================================================
10: Update-DR

IR:
    length:      10
    read_only:   False
    reset:       6
    value:       6

IR code: 6
IDCODE:
    length:      32
    read_only:   True
    reset:       20b10dd
    value:       20b10dd

IR code: 3ff
BYPASS:
    length:      1
    read_only:   False
    reset:       0
    value:       0

IR code: c
USER0 - VDR:

IR code: e
USER1 - VIR:
    length:      Unknown
    read_only:   False
    reset:       0
    value:       0


============================================================
11: Select-DR-Scan

IR:
    length:      10
    read_only:   False
    reset:       6
    value:       6

IR code: 6
IDCODE:
    length:      32
    read_only:   True
    reset:       20b10dd
    value:       20b10dd

IR code: 3ff
BYPASS:
    length:      1
    read_only:   False
    reset:       0
    value:       0

IR code: c
USER0 - VDR:

IR code: e
USER1 - VIR:
    length:      Unknown
    read_only:   False
    reset:       0
    value:       0


============================================================
12: Select-IR-Scan

IR:
    length:      10
    read_only:   False
    reset:       6
    value:       6

IR code: 6
IDCODE:
    length:      32
    read_only:   True
    reset:       20b10dd
    value:       20b10dd

IR code: 3ff
BYPASS:
    length:      1
    read_only:   False
    reset:       0
    value:       0

IR code: c
USER0 - VDR:

IR code: e
USER1 - VIR:
    length:      Unknown
    read_only:   False
    reset:       0
    value:       0


============================================================
13: Capture-IR

IR:
    length:      10
    read_only:   False
    reset:       6
    value:       6

IR code: 6
IDCODE:
    length:      32
    read_only:   True
    reset:       20b10dd
    value:       20b10dd

IR code: 3ff
BYPASS:
    length:      1
    read_only:   False
    reset:       0
    value:       0

IR code: c
USER0 - VDR:

IR code: e
USER1 - VIR:
    length:      Unknown
    read_only:   False
    reset:       0
    value:       0


============================================================
14: Shift-IR - TDI 1ffffffffffffffffffffffff0fecc0ff - TDO 1fffffffffffffffffffffc3fb303fd55 - 129

Lower TDO value match! 155
Upper TDO value match! 7fffffffffffffffffffff0fecc0ff
Update value: 6 -> 3ff
IR:
    length:      10
    read_only:   False
    reset:       6
    value:       3ff

IR code: 6
IDCODE:
    length:      32
    read_only:   True
    reset:       20b10dd
    value:       20b10dd

IR code: 3ff
BYPASS:
    length:      1
    read_only:   False
    reset:       0
    value:       0

IR code: c
USER0 - VDR:

IR code: e
USER1 - VIR:
    length:      Unknown
    read_only:   False
    reset:       0
    value:       0


============================================================
15: Exit1-IR

IR:
    length:      10
    read_only:   False
    reset:       6
    value:       3ff

IR code: 6
IDCODE:
    length:      32
    read_only:   True
    reset:       20b10dd
    value:       20b10dd

IR code: 3ff
BYPASS:
    length:      1
    read_only:   False
    reset:       0
    value:       0

IR code: c
USER0 - VDR:

IR code: e
USER1 - VIR:
    length:      Unknown
    read_only:   False
    reset:       0
    value:       0


============================================================
16: Update-IR

IR:
    length:      10
    read_only:   False
    reset:       6
    value:       3ff

IR code: 6
IDCODE:
    length:      32
    read_only:   True
    reset:       20b10dd
    value:       20b10dd

IR code: 3ff
BYPASS:
    length:      1
    read_only:   False
    reset:       0
    value:       0

IR code: c
USER0 - VDR:

IR code: e
USER1 - VIR:
    length:      Unknown
    read_only:   False
    reset:       0
    value:       0


============================================================
17: Select-DR-Scan

IR:
    length:      10
    read_only:   False
    reset:       6
    value:       3ff

IR code: 6
IDCODE:
    length:      32
    read_only:   True
    reset:       20b10dd
    value:       20b10dd

IR code: 3ff
BYPASS:
    length:      1
    read_only:   False
    reset:       0
    value:       0

IR code: c
USER0 - VDR:

IR code: e
USER1 - VIR:
    length:      Unknown
    read_only:   False
    reset:       0
    value:       0


============================================================
18: Select-IR-Scan

IR:
    length:      10
    read_only:   False
    reset:       6
    value:       3ff

IR code: 6
IDCODE:
    length:      32
    read_only:   True
    reset:       20b10dd
    value:       20b10dd

IR code: 3ff
BYPASS:
    length:      1
    read_only:   False
    reset:       0
    value:       0

IR code: c
USER0 - VDR:

IR code: e
USER1 - VIR:
    length:      Unknown
    read_only:   False
    reset:       0
    value:       0


============================================================
19: Capture-IR

IR:
    length:      10
    read_only:   False
    reset:       6
    value:       3ff

IR code: 6
IDCODE:
    length:      32
    read_only:   True
    reset:       20b10dd
    value:       20b10dd

IR code: 3ff
BYPASS:
    length:      1
    read_only:   False
    reset:       0
    value:       0

IR code: c
USER0 - VDR:

IR code: e
USER1 - VIR:
    length:      Unknown
    read_only:   False
    reset:       0
    value:       0


============================================================
20: Shift-IR - TDI 1ffffffffffffffffffffffff0fecc0ff - TDO 1fffffffffffffffffffffc3fb303fd55 - 129

Lower TDO value match! 155
Upper TDO value match! 7fffffffffffffffffffff0fecc0ff
Update value: 3ff -> 3ff
IR:
    length:      10
    read_only:   False
    reset:       6
    value:       3ff

IR code: 6
IDCODE:
    length:      32
    read_only:   True
    reset:       20b10dd
    value:       20b10dd

IR code: 3ff
BYPASS:
    length:      1
    read_only:   False
    reset:       0
    value:       0

IR code: c
USER0 - VDR:

IR code: e
USER1 - VIR:
    length:      Unknown
    read_only:   False
    reset:       0
    value:       0


============================================================
21: Exit1-IR

IR:
    length:      10
    read_only:   False
    reset:       6
    value:       3ff

IR code: 6
IDCODE:
    length:      32
    read_only:   True
    reset:       20b10dd
    value:       20b10dd

IR code: 3ff
BYPASS:
    length:      1
    read_only:   False
    reset:       0
    value:       0

IR code: c
USER0 - VDR:

IR code: e
USER1 - VIR:
    length:      Unknown
    read_only:   False
    reset:       0
    value:       0


============================================================
22: Update-IR

IR:
    length:      10
    read_only:   False
    reset:       6
    value:       3ff

IR code: 6
IDCODE:
    length:      32
    read_only:   True
    reset:       20b10dd
    value:       20b10dd

IR code: 3ff
BYPASS:
    length:      1
    read_only:   False
    reset:       0
    value:       0

IR code: c
USER0 - VDR:

IR code: e
USER1 - VIR:
    length:      Unknown
    read_only:   False
    reset:       0
    value:       0


============================================================
23: Select-DR-Scan

IR:
    length:      10
    read_only:   False
    reset:       6
    value:       3ff

IR code: 6
IDCODE:
    length:      32
    read_only:   True
    reset:       20b10dd
    value:       20b10dd

IR code: 3ff
BYPASS:
    length:      1
    read_only:   False
    reset:       0
    value:       0

IR code: c
USER0 - VDR:

IR code: e
USER1 - VIR:
    length:      Unknown
    read_only:   False
    reset:       0
    value:       0


============================================================
24: Capture-DR

IR:
    length:      10
    read_only:   False
    reset:       6
    value:       3ff

IR code: 6
IDCODE:
    length:      32
    read_only:   True
    reset:       20b10dd
    value:       20b10dd

IR code: 3ff
BYPASS:
    length:      1
    read_only:   False
    reset:       0
    value:       0

IR code: c
USER0 - VDR:

IR code: e
USER1 - VIR:
    length:      Unknown
    read_only:   False
    reset:       0
    value:       0


============================================================
25: Shift-DR - TDI 1ffffffffffffffffffffffff0fecc0ff - TDO 1fffffffffffffffffffffffe1fd981fe - 129

Shift-DR: BYPASS

Upper TDO value match! ffffffffffffffffffffffff0fecc0ff
Update value: 0 -> 1
IR:
    length:      10
    read_only:   False
    reset:       6
    value:       3ff

IR code: 6
IDCODE:
    length:      32
    read_only:   True
    reset:       20b10dd
    value:       20b10dd

IR code: 3ff
BYPASS:
    length:      1
    read_only:   False
    reset:       0
    value:       1

IR code: c
USER0 - VDR:

IR code: e
USER1 - VIR:
    length:      Unknown
    read_only:   False
    reset:       0
    value:       0


============================================================
26: Exit1-DR

IR:
    length:      10
    read_only:   False
    reset:       6
    value:       3ff

IR code: 6
IDCODE:
    length:      32
    read_only:   True
    reset:       20b10dd
    value:       20b10dd

IR code: 3ff
BYPASS:
    length:      1
    read_only:   False
    reset:       0
    value:       1

IR code: c
USER0 - VDR:

IR code: e
USER1 - VIR:
    length:      Unknown
    read_only:   False
    reset:       0
    value:       0


============================================================
27: Update-DR

IR:
    length:      10
    read_only:   False
    reset:       6
    value:       3ff

IR code: 6
IDCODE:
    length:      32
    read_only:   True
    reset:       20b10dd
    value:       20b10dd

IR code: 3ff
BYPASS:
    length:      1
    read_only:   False
    reset:       0
    value:       1

IR code: c
USER0 - VDR:

IR code: e
USER1 - VIR:
    length:      Unknown
    read_only:   False
    reset:       0
    value:       0


============================================================
28: Select-DR-Scan

IR:
    length:      10
    read_only:   False
    reset:       6
    value:       3ff

IR code: 6
IDCODE:
    length:      32
    read_only:   True
    reset:       20b10dd
    value:       20b10dd

IR code: 3ff
BYPASS:
    length:      1
    read_only:   False
    reset:       0
    value:       1

IR code: c
USER0 - VDR:

IR code: e
USER1 - VIR:
    length:      Unknown
    read_only:   False
    reset:       0
    value:       0


============================================================
29: Select-IR-Scan

IR:
    length:      10
    read_only:   False
    reset:       6
    value:       3ff

IR code: 6
IDCODE:
    length:      32
    read_only:   True
    reset:       20b10dd
    value:       20b10dd

IR code: 3ff
BYPASS:
    length:      1
    read_only:   False
    reset:       0
    value:       1

IR code: c
USER0 - VDR:

IR code: e
USER1 - VIR:
    length:      Unknown
    read_only:   False
    reset:       0
    value:       0


============================================================
30: Capture-IR

IR:
    length:      10
    read_only:   False
    reset:       6
    value:       3ff

IR code: 6
IDCODE:
    length:      32
    read_only:   True
    reset:       20b10dd
    value:       20b10dd

IR code: 3ff
BYPASS:
    length:      1
    read_only:   False
    reset:       0
    value:       1

IR code: c
USER0 - VDR:

IR code: e
USER1 - VIR:
    length:      Unknown
    read_only:   False
    reset:       0
    value:       0


============================================================
31: Shift-IR - TDI 3ff - TDO 155 - 10

Lower TDO value match! 155
Update value: 3ff -> 3ff
IR:
    length:      10
    read_only:   False
    reset:       6
    value:       3ff

IR code: 6
IDCODE:
    length:      32
    read_only:   True
    reset:       20b10dd
    value:       20b10dd

IR code: 3ff
BYPASS:
    length:      1
    read_only:   False
    reset:       0
    value:       1

IR code: c
USER0 - VDR:

IR code: e
USER1 - VIR:
    length:      Unknown
    read_only:   False
    reset:       0
    value:       0


============================================================
32: Exit1-IR

IR:
    length:      10
    read_only:   False
    reset:       6
    value:       3ff

IR code: 6
IDCODE:
    length:      32
    read_only:   True
    reset:       20b10dd
    value:       20b10dd

IR code: 3ff
BYPASS:
    length:      1
    read_only:   False
    reset:       0
    value:       1

IR code: c
USER0 - VDR:

IR code: e
USER1 - VIR:
    length:      Unknown
    read_only:   False
    reset:       0
    value:       0


============================================================
33: Update-IR

IR:
    length:      10
    read_only:   False
    reset:       6
    value:       3ff

IR code: 6
IDCODE:
    length:      32
    read_only:   True
    reset:       20b10dd
    value:       20b10dd

IR code: 3ff
BYPASS:
    length:      1
    read_only:   False
    reset:       0
    value:       1

IR code: c
USER0 - VDR:

IR code: e
USER1 - VIR:
    length:      Unknown
    read_only:   False
    reset:       0
    value:       0


============================================================
34: Select-DR-Scan

IR:
    length:      10
    read_only:   False
    reset:       6
    value:       3ff

IR code: 6
IDCODE:
    length:      32
    read_only:   True
    reset:       20b10dd
    value:       20b10dd

IR code: 3ff
BYPASS:
    length:      1
    read_only:   False
    reset:       0
    value:       1

IR code: c
USER0 - VDR:

IR code: e
USER1 - VIR:
    length:      Unknown
    read_only:   False
    reset:       0
    value:       0


============================================================
35: Capture-DR

IR:
    length:      10
    read_only:   False
    reset:       6
    value:       3ff

IR code: 6
IDCODE:
    length:      32
    read_only:   True
    reset:       20b10dd
    value:       20b10dd

IR code: 3ff
BYPASS:
    length:      1
    read_only:   False
    reset:       0
    value:       1

IR code: c
USER0 - VDR:

IR code: e
USER1 - VIR:
    length:      Unknown
    read_only:   False
    reset:       0
    value:       0


============================================================
36: Shift-DR - TDI 00 - TDO 00 - 7

Shift-DR: BYPASS

Lower TDO value match! 0
Upper TDO value match! 0
Update value: 1 -> 0
IR:
    length:      10
    read_only:   False
    reset:       6
    value:       3ff

IR code: 6
IDCODE:
    length:      32
    read_only:   True
    reset:       20b10dd
    value:       20b10dd

IR code: 3ff
BYPASS:
    length:      1
    read_only:   False
    reset:       0
    value:       0

IR code: c
USER0 - VDR:

IR code: e
USER1 - VIR:
    length:      Unknown
    read_only:   False
    reset:       0
    value:       0


============================================================
37: Exit1-DR

IR:
    length:      10
    read_only:   False
    reset:       6
    value:       3ff

IR code: 6
IDCODE:
    length:      32
    read_only:   True
    reset:       20b10dd
    value:       20b10dd

IR code: 3ff
BYPASS:
    length:      1
    read_only:   False
    reset:       0
    value:       0

IR code: c
USER0 - VDR:

IR code: e
USER1 - VIR:
    length:      Unknown
    read_only:   False
    reset:       0
    value:       0


============================================================
38: Update-DR

IR:
    length:      10
    read_only:   False
    reset:       6
    value:       3ff

IR code: 6
IDCODE:
    length:      32
    read_only:   True
    reset:       20b10dd
    value:       20b10dd

IR code: 3ff
BYPASS:
    length:      1
    read_only:   False
    reset:       0
    value:       0

IR code: c
USER0 - VDR:

IR code: e
USER1 - VIR:
    length:      Unknown
    read_only:   False
    reset:       0
    value:       0


============================================================
39: Select-DR-Scan

IR:
    length:      10
    read_only:   False
    reset:       6
    value:       3ff

IR code: 6
IDCODE:
    length:      32
    read_only:   True
    reset:       20b10dd
    value:       20b10dd

IR code: 3ff
BYPASS:
    length:      1
    read_only:   False
    reset:       0
    value:       0

IR code: c
USER0 - VDR:

IR code: e
USER1 - VIR:
    length:      Unknown
    read_only:   False
    reset:       0
    value:       0


============================================================
40: Select-IR-Scan

IR:
    length:      10
    read_only:   False
    reset:       6
    value:       3ff

IR code: 6
IDCODE:
    length:      32
    read_only:   True
    reset:       20b10dd
    value:       20b10dd

IR code: 3ff
BYPASS:
    length:      1
    read_only:   False
    reset:       0
    value:       0

IR code: c
USER0 - VDR:

IR code: e
USER1 - VIR:
    length:      Unknown
    read_only:   False
    reset:       0
    value:       0


============================================================
41: Capture-IR

IR:
    length:      10
    read_only:   False
    reset:       6
    value:       3ff

IR code: 6
IDCODE:
    length:      32
    read_only:   True
    reset:       20b10dd
    value:       20b10dd

IR code: 3ff
BYPASS:
    length:      1
    read_only:   False
    reset:       0
    value:       0

IR code: c
USER0 - VDR:

IR code: e
USER1 - VIR:
    length:      Unknown
    read_only:   False
    reset:       0
    value:       0


============================================================
42: Shift-IR - TDI 3fffe - TDO 3f955 - 18

Lower TDO value match! 155
Upper TDO value match! fe
Update value: 3ff -> 3ff
IR:
    length:      10
    read_only:   False
    reset:       6
    value:       3ff

IR code: 6
IDCODE:
    length:      32
    read_only:   True
    reset:       20b10dd
    value:       20b10dd

IR code: 3ff
BYPASS:
    length:      1
    read_only:   False
    reset:       0
    value:       0

IR code: c
USER0 - VDR:

IR code: e
USER1 - VIR:
    length:      Unknown
    read_only:   False
    reset:       0
    value:       0


============================================================
43: Exit1-IR

IR:
    length:      10
    read_only:   False
    reset:       6
    value:       3ff

IR code: 6
IDCODE:
    length:      32
    read_only:   True
    reset:       20b10dd
    value:       20b10dd

IR code: 3ff
BYPASS:
    length:      1
    read_only:   False
    reset:       0
    value:       0

IR code: c
USER0 - VDR:

IR code: e
USER1 - VIR:
    length:      Unknown
    read_only:   False
    reset:       0
    value:       0


============================================================
44: Update-IR

IR:
    length:      10
    read_only:   False
    reset:       6
    value:       3ff

IR code: 6
IDCODE:
    length:      32
    read_only:   True
    reset:       20b10dd
    value:       20b10dd

IR code: 3ff
BYPASS:
    length:      1
    read_only:   False
    reset:       0
    value:       0

IR code: c
USER0 - VDR:

IR code: e
USER1 - VIR:
    length:      Unknown
    read_only:   False
    reset:       0
    value:       0


============================================================
45: Select-DR-Scan

IR:
    length:      10
    read_only:   False
    reset:       6
    value:       3ff

IR code: 6
IDCODE:
    length:      32
    read_only:   True
    reset:       20b10dd
    value:       20b10dd

IR code: 3ff
BYPASS:
    length:      1
    read_only:   False
    reset:       0
    value:       0

IR code: c
USER0 - VDR:

IR code: e
USER1 - VIR:
    length:      Unknown
    read_only:   False
    reset:       0
    value:       0


============================================================
46: Select-IR-Scan

IR:
    length:      10
    read_only:   False
    reset:       6
    value:       3ff

IR code: 6
IDCODE:
    length:      32
    read_only:   True
    reset:       20b10dd
    value:       20b10dd

IR code: 3ff
BYPASS:
    length:      1
    read_only:   False
    reset:       0
    value:       0

IR code: c
USER0 - VDR:

IR code: e
USER1 - VIR:
    length:      Unknown
    read_only:   False
    reset:       0
    value:       0


============================================================
47: Test-Logic-Reset

IR:
    length:      10
    read_only:   False
    reset:       6
    value:       6

IR code: 6
IDCODE:
    length:      32
    read_only:   True
    reset:       20b10dd
    value:       20b10dd

IR code: 3ff
BYPASS:
    length:      1
    read_only:   False
    reset:       0
    value:       0

IR code: c
USER0 - VDR:

IR code: e
USER1 - VIR:
    length:      Unknown
    read_only:   False
    reset:       0
    value:       0


============================================================
48: Run-Test/Idle

IR:
    length:      10
    read_only:   False
    reset:       6
    value:       6

IR code: 6
IDCODE:
    length:      32
    read_only:   True
    reset:       20b10dd
    value:       20b10dd

IR code: 3ff
BYPASS:
    length:      1
    read_only:   False
    reset:       0
    value:       0

IR code: c
USER0 - VDR:

IR code: e
USER1 - VIR:
    length:      Unknown
    read_only:   False
    reset:       0
    value:       0


============================================================
49: Select-DR-Scan

IR:
    length:      10
    read_only:   False
    reset:       6
    value:       6

IR code: 6
IDCODE:
    length:      32
    read_only:   True
    reset:       20b10dd
    value:       20b10dd

IR code: 3ff
BYPASS:
    length:      1
    read_only:   False
    reset:       0
    value:       0

IR code: c
USER0 - VDR:

IR code: e
USER1 - VIR:
    length:      Unknown
    read_only:   False
    reset:       0
    value:       0


============================================================
50: Capture-DR

IR:
    length:      10
    read_only:   False
    reset:       6
    value:       6

IR code: 6
IDCODE:
    length:      32
    read_only:   True
    reset:       20b10dd
    value:       20b10dd

IR code: 3ff
BYPASS:
    length:      1
    read_only:   False
    reset:       0
    value:       0

IR code: c
USER0 - VDR:

IR code: e
USER1 - VIR:
    length:      Unknown
    read_only:   False
    reset:       0
    value:       0


============================================================
51: Shift-DR - TDI 1ffffffffffffffffffffffff0fecc0ff - TDO 1ffffffffffffffff0fecc0ff020b10dd - 129

Shift-DR: IDCODE

Lower TDO value match! 20b10dd
Upper TDO value match! 1ffffffffffffffff0fecc0ff
IR:
    length:      10
    read_only:   False
    reset:       6
    value:       6

IR code: 6
IDCODE:
    length:      32
    read_only:   True
    reset:       20b10dd
    value:       20b10dd

IR code: 3ff
BYPASS:
    length:      1
    read_only:   False
    reset:       0
    value:       0

IR code: c
USER0 - VDR:

IR code: e
USER1 - VIR:
    length:      Unknown
    read_only:   False
    reset:       0
    value:       0


============================================================
52: Exit1-DR

IR:
    length:      10
    read_only:   False
    reset:       6
    value:       6

IR code: 6
IDCODE:
    length:      32
    read_only:   True
    reset:       20b10dd
    value:       20b10dd

IR code: 3ff
BYPASS:
    length:      1
    read_only:   False
    reset:       0
    value:       0

IR code: c
USER0 - VDR:

IR code: e
USER1 - VIR:
    length:      Unknown
    read_only:   False
    reset:       0
    value:       0


============================================================
53: Update-DR

IR:
    length:      10
    read_only:   False
    reset:       6
    value:       6

IR code: 6
IDCODE:
    length:      32
    read_only:   True
    reset:       20b10dd
    value:       20b10dd

IR code: 3ff
BYPASS:
    length:      1
    read_only:   False
    reset:       0
    value:       0

IR code: c
USER0 - VDR:

IR code: e
USER1 - VIR:
    length:      Unknown
    read_only:   False
    reset:       0
    value:       0


============================================================
54: Select-DR-Scan

IR:
    length:      10
    read_only:   False
    reset:       6
    value:       6

IR code: 6
IDCODE:
    length:      32
    read_only:   True
    reset:       20b10dd
    value:       20b10dd

IR code: 3ff
BYPASS:
    length:      1
    read_only:   False
    reset:       0
    value:       0

IR code: c
USER0 - VDR:

IR code: e
USER1 - VIR:
    length:      Unknown
    read_only:   False
    reset:       0
    value:       0


============================================================
55: Select-IR-Scan

IR:
    length:      10
    read_only:   False
    reset:       6
    value:       6

IR code: 6
IDCODE:
    length:      32
    read_only:   True
    reset:       20b10dd
    value:       20b10dd

IR code: 3ff
BYPASS:
    length:      1
    read_only:   False
    reset:       0
    value:       0

IR code: c
USER0 - VDR:

IR code: e
USER1 - VIR:
    length:      Unknown
    read_only:   False
    reset:       0
    value:       0


============================================================
56: Capture-IR

IR:
    length:      10
    read_only:   False
    reset:       6
    value:       6

IR code: 6
IDCODE:
    length:      32
    read_only:   True
    reset:       20b10dd
    value:       20b10dd

IR code: 3ff
BYPASS:
    length:      1
    read_only:   False
    reset:       0
    value:       0

IR code: c
USER0 - VDR:

IR code: e
USER1 - VIR:
    length:      Unknown
    read_only:   False
    reset:       0
    value:       0


============================================================
57: Shift-IR - TDI 1ffffffffffffffffffffffff0fecc0ff - TDO 1fffffffffffffffffffffc3fb303fd55 - 129

Lower TDO value match! 155
Upper TDO value match! 7fffffffffffffffffffff0fecc0ff
Update value: 6 -> 3ff
IR:
    length:      10
    read_only:   False
    reset:       6
    value:       3ff

IR code: 6
IDCODE:
    length:      32
    read_only:   True
    reset:       20b10dd
    value:       20b10dd

IR code: 3ff
BYPASS:
    length:      1
    read_only:   False
    reset:       0
    value:       0

IR code: c
USER0 - VDR:

IR code: e
USER1 - VIR:
    length:      Unknown
    read_only:   False
    reset:       0
    value:       0


============================================================
58: Exit1-IR

IR:
    length:      10
    read_only:   False
    reset:       6
    value:       3ff

IR code: 6
IDCODE:
    length:      32
    read_only:   True
    reset:       20b10dd
    value:       20b10dd

IR code: 3ff
BYPASS:
    length:      1
    read_only:   False
    reset:       0
    value:       0

IR code: c
USER0 - VDR:

IR code: e
USER1 - VIR:
    length:      Unknown
    read_only:   False
    reset:       0
    value:       0


============================================================
59: Update-IR

IR:
    length:      10
    read_only:   False
    reset:       6
    value:       3ff

IR code: 6
IDCODE:
    length:      32
    read_only:   True
    reset:       20b10dd
    value:       20b10dd

IR code: 3ff
BYPASS:
    length:      1
    read_only:   False
    reset:       0
    value:       0

IR code: c
USER0 - VDR:

IR code: e
USER1 - VIR:
    length:      Unknown
    read_only:   False
    reset:       0
    value:       0


============================================================
60: Select-DR-Scan

IR:
    length:      10
    read_only:   False
    reset:       6
    value:       3ff

IR code: 6
IDCODE:
    length:      32
    read_only:   True
    reset:       20b10dd
    value:       20b10dd

IR code: 3ff
BYPASS:
    length:      1
    read_only:   False
    reset:       0
    value:       0

IR code: c
USER0 - VDR:

IR code: e
USER1 - VIR:
    length:      Unknown
    read_only:   False
    reset:       0
    value:       0


============================================================
61: Select-IR-Scan

IR:
    length:      10
    read_only:   False
    reset:       6
    value:       3ff

IR code: 6
IDCODE:
    length:      32
    read_only:   True
    reset:       20b10dd
    value:       20b10dd

IR code: 3ff
BYPASS:
    length:      1
    read_only:   False
    reset:       0
    value:       0

IR code: c
USER0 - VDR:

IR code: e
USER1 - VIR:
    length:      Unknown
    read_only:   False
    reset:       0
    value:       0


============================================================
62: Capture-IR

IR:
    length:      10
    read_only:   False
    reset:       6
    value:       3ff

IR code: 6
IDCODE:
    length:      32
    read_only:   True
    reset:       20b10dd
    value:       20b10dd

IR code: 3ff
BYPASS:
    length:      1
    read_only:   False
    reset:       0
    value:       0

IR code: c
USER0 - VDR:

IR code: e
USER1 - VIR:
    length:      Unknown
    read_only:   False
    reset:       0
    value:       0


============================================================
63: Shift-IR - TDI 1ffffffffffffffffffffffff0fecc0ff - TDO 1fffffffffffffffffffffc3fb303fd55 - 129

Lower TDO value match! 155
Upper TDO value match! 7fffffffffffffffffffff0fecc0ff
Update value: 3ff -> 3ff
IR:
    length:      10
    read_only:   False
    reset:       6
    value:       3ff

IR code: 6
IDCODE:
    length:      32
    read_only:   True
    reset:       20b10dd
    value:       20b10dd

IR code: 3ff
BYPASS:
    length:      1
    read_only:   False
    reset:       0
    value:       0

IR code: c
USER0 - VDR:

IR code: e
USER1 - VIR:
    length:      Unknown
    read_only:   False
    reset:       0
    value:       0


============================================================
64: Exit1-IR

IR:
    length:      10
    read_only:   False
    reset:       6
    value:       3ff

IR code: 6
IDCODE:
    length:      32
    read_only:   True
    reset:       20b10dd
    value:       20b10dd

IR code: 3ff
BYPASS:
    length:      1
    read_only:   False
    reset:       0
    value:       0

IR code: c
USER0 - VDR:

IR code: e
USER1 - VIR:
    length:      Unknown
    read_only:   False
    reset:       0
    value:       0


============================================================
65: Update-IR

IR:
    length:      10
    read_only:   False
    reset:       6
    value:       3ff

IR code: 6
IDCODE:
    length:      32
    read_only:   True
    reset:       20b10dd
    value:       20b10dd

IR code: 3ff
BYPASS:
    length:      1
    read_only:   False
    reset:       0
    value:       0

IR code: c
USER0 - VDR:

IR code: e
USER1 - VIR:
    length:      Unknown
    read_only:   False
    reset:       0
    value:       0


============================================================
66: Select-DR-Scan

IR:
    length:      10
    read_only:   False
    reset:       6
    value:       3ff

IR code: 6
IDCODE:
    length:      32
    read_only:   True
    reset:       20b10dd
    value:       20b10dd

IR code: 3ff
BYPASS:
    length:      1
    read_only:   False
    reset:       0
    value:       0

IR code: c
USER0 - VDR:

IR code: e
USER1 - VIR:
    length:      Unknown
    read_only:   False
    reset:       0
    value:       0


============================================================
67: Capture-DR

IR:
    length:      10
    read_only:   False
    reset:       6
    value:       3ff

IR code: 6
IDCODE:
    length:      32
    read_only:   True
    reset:       20b10dd
    value:       20b10dd

IR code: 3ff
BYPASS:
    length:      1
    read_only:   False
    reset:       0
    value:       0

IR code: c
USER0 - VDR:

IR code: e
USER1 - VIR:
    length:      Unknown
    read_only:   False
    reset:       0
    value:       0


============================================================
68: Shift-DR - TDI 1ffffffffffffffffffffffff0fecc0ff - TDO 1fffffffffffffffffffffffe1fd981fe - 129

Shift-DR: BYPASS

Upper TDO value match! ffffffffffffffffffffffff0fecc0ff
Update value: 0 -> 1
IR:
    length:      10
    read_only:   False
    reset:       6
    value:       3ff

IR code: 6
IDCODE:
    length:      32
    read_only:   True
    reset:       20b10dd
    value:       20b10dd

IR code: 3ff
BYPASS:
    length:      1
    read_only:   False
    reset:       0
    value:       1

IR code: c
USER0 - VDR:

IR code: e
USER1 - VIR:
    length:      Unknown
    read_only:   False
    reset:       0
    value:       0


============================================================
69: Exit1-DR

IR:
    length:      10
    read_only:   False
    reset:       6
    value:       3ff

IR code: 6
IDCODE:
    length:      32
    read_only:   True
    reset:       20b10dd
    value:       20b10dd

IR code: 3ff
BYPASS:
    length:      1
    read_only:   False
    reset:       0
    value:       1

IR code: c
USER0 - VDR:

IR code: e
USER1 - VIR:
    length:      Unknown
    read_only:   False
    reset:       0
    value:       0


============================================================
70: Update-DR

IR:
    length:      10
    read_only:   False
    reset:       6
    value:       3ff

IR code: 6
IDCODE:
    length:      32
    read_only:   True
    reset:       20b10dd
    value:       20b10dd

IR code: 3ff
BYPASS:
    length:      1
    read_only:   False
    reset:       0
    value:       1

IR code: c
USER0 - VDR:

IR code: e
USER1 - VIR:
    length:      Unknown
    read_only:   False
    reset:       0
    value:       0


============================================================
71: Select-DR-Scan

IR:
    length:      10
    read_only:   False
    reset:       6
    value:       3ff

IR code: 6
IDCODE:
    length:      32
    read_only:   True
    reset:       20b10dd
    value:       20b10dd

IR code: 3ff
BYPASS:
    length:      1
    read_only:   False
    reset:       0
    value:       1

IR code: c
USER0 - VDR:

IR code: e
USER1 - VIR:
    length:      Unknown
    read_only:   False
    reset:       0
    value:       0


============================================================
72: Select-IR-Scan

IR:
    length:      10
    read_only:   False
    reset:       6
    value:       3ff

IR code: 6
IDCODE:
    length:      32
    read_only:   True
    reset:       20b10dd
    value:       20b10dd

IR code: 3ff
BYPASS:
    length:      1
    read_only:   False
    reset:       0
    value:       1

IR code: c
USER0 - VDR:

IR code: e
USER1 - VIR:
    length:      Unknown
    read_only:   False
    reset:       0
    value:       0


============================================================
73: Capture-IR

IR:
    length:      10
    read_only:   False
    reset:       6
    value:       3ff

IR code: 6
IDCODE:
    length:      32
    read_only:   True
    reset:       20b10dd
    value:       20b10dd

IR code: 3ff
BYPASS:
    length:      1
    read_only:   False
    reset:       0
    value:       1

IR code: c
USER0 - VDR:

IR code: e
USER1 - VIR:
    length:      Unknown
    read_only:   False
    reset:       0
    value:       0


============================================================
74: Shift-IR - TDI 3ff - TDO 155 - 10

Lower TDO value match! 155
Update value: 3ff -> 3ff
IR:
    length:      10
    read_only:   False
    reset:       6
    value:       3ff

IR code: 6
IDCODE:
    length:      32
    read_only:   True
    reset:       20b10dd
    value:       20b10dd

IR code: 3ff
BYPASS:
    length:      1
    read_only:   False
    reset:       0
    value:       1

IR code: c
USER0 - VDR:

IR code: e
USER1 - VIR:
    length:      Unknown
    read_only:   False
    reset:       0
    value:       0


============================================================
75: Exit1-IR

IR:
    length:      10
    read_only:   False
    reset:       6
    value:       3ff

IR code: 6
IDCODE:
    length:      32
    read_only:   True
    reset:       20b10dd
    value:       20b10dd

IR code: 3ff
BYPASS:
    length:      1
    read_only:   False
    reset:       0
    value:       1

IR code: c
USER0 - VDR:

IR code: e
USER1 - VIR:
    length:      Unknown
    read_only:   False
    reset:       0
    value:       0


============================================================
76: Update-IR

IR:
    length:      10
    read_only:   False
    reset:       6
    value:       3ff

IR code: 6
IDCODE:
    length:      32
    read_only:   True
    reset:       20b10dd
    value:       20b10dd

IR code: 3ff
BYPASS:
    length:      1
    read_only:   False
    reset:       0
    value:       1

IR code: c
USER0 - VDR:

IR code: e
USER1 - VIR:
    length:      Unknown
    read_only:   False
    reset:       0
    value:       0


============================================================
77: Select-DR-Scan

IR:
    length:      10
    read_only:   False
    reset:       6
    value:       3ff

IR code: 6
IDCODE:
    length:      32
    read_only:   True
    reset:       20b10dd
    value:       20b10dd

IR code: 3ff
BYPASS:
    length:      1
    read_only:   False
    reset:       0
    value:       1

IR code: c
USER0 - VDR:

IR code: e
USER1 - VIR:
    length:      Unknown
    read_only:   False
    reset:       0
    value:       0


============================================================
78: Capture-DR

IR:
    length:      10
    read_only:   False
    reset:       6
    value:       3ff

IR code: 6
IDCODE:
    length:      32
    read_only:   True
    reset:       20b10dd
    value:       20b10dd

IR code: 3ff
BYPASS:
    length:      1
    read_only:   False
    reset:       0
    value:       1

IR code: c
USER0 - VDR:

IR code: e
USER1 - VIR:
    length:      Unknown
    read_only:   False
    reset:       0
    value:       0


============================================================
79: Shift-DR - TDI 00 - TDO 00 - 7

Shift-DR: BYPASS

Lower TDO value match! 0
Upper TDO value match! 0
Update value: 1 -> 0
IR:
    length:      10
    read_only:   False
    reset:       6
    value:       3ff

IR code: 6
IDCODE:
    length:      32
    read_only:   True
    reset:       20b10dd
    value:       20b10dd

IR code: 3ff
BYPASS:
    length:      1
    read_only:   False
    reset:       0
    value:       0

IR code: c
USER0 - VDR:

IR code: e
USER1 - VIR:
    length:      Unknown
    read_only:   False
    reset:       0
    value:       0


============================================================
80: Exit1-DR

IR:
    length:      10
    read_only:   False
    reset:       6
    value:       3ff

IR code: 6
IDCODE:
    length:      32
    read_only:   True
    reset:       20b10dd
    value:       20b10dd

IR code: 3ff
BYPASS:
    length:      1
    read_only:   False
    reset:       0
    value:       0

IR code: c
USER0 - VDR:

IR code: e
USER1 - VIR:
    length:      Unknown
    read_only:   False
    reset:       0
    value:       0


============================================================
81: Update-DR

IR:
    length:      10
    read_only:   False
    reset:       6
    value:       3ff

IR code: 6
IDCODE:
    length:      32
    read_only:   True
    reset:       20b10dd
    value:       20b10dd

IR code: 3ff
BYPASS:
    length:      1
    read_only:   False
    reset:       0
    value:       0

IR code: c
USER0 - VDR:

IR code: e
USER1 - VIR:
    length:      Unknown
    read_only:   False
    reset:       0
    value:       0


============================================================
82: Select-DR-Scan

IR:
    length:      10
    read_only:   False
    reset:       6
    value:       3ff

IR code: 6
IDCODE:
    length:      32
    read_only:   True
    reset:       20b10dd
    value:       20b10dd

IR code: 3ff
BYPASS:
    length:      1
    read_only:   False
    reset:       0
    value:       0

IR code: c
USER0 - VDR:

IR code: e
USER1 - VIR:
    length:      Unknown
    read_only:   False
    reset:       0
    value:       0


============================================================
83: Select-IR-Scan

IR:
    length:      10
    read_only:   False
    reset:       6
    value:       3ff

IR code: 6
IDCODE:
    length:      32
    read_only:   True
    reset:       20b10dd
    value:       20b10dd

IR code: 3ff
BYPASS:
    length:      1
    read_only:   False
    reset:       0
    value:       0

IR code: c
USER0 - VDR:

IR code: e
USER1 - VIR:
    length:      Unknown
    read_only:   False
    reset:       0
    value:       0


============================================================
84: Capture-IR

IR:
    length:      10
    read_only:   False
    reset:       6
    value:       3ff

IR code: 6
IDCODE:
    length:      32
    read_only:   True
    reset:       20b10dd
    value:       20b10dd

IR code: 3ff
BYPASS:
    length:      1
    read_only:   False
    reset:       0
    value:       0

IR code: c
USER0 - VDR:

IR code: e
USER1 - VIR:
    length:      Unknown
    read_only:   False
    reset:       0
    value:       0


============================================================
85: Shift-IR - TDI 3fffe - TDO 3f955 - 18

Lower TDO value match! 155
Upper TDO value match! fe
Update value: 3ff -> 3ff
IR:
    length:      10
    read_only:   False
    reset:       6
    value:       3ff

IR code: 6
IDCODE:
    length:      32
    read_only:   True
    reset:       20b10dd
    value:       20b10dd

IR code: 3ff
BYPASS:
    length:      1
    read_only:   False
    reset:       0
    value:       0

IR code: c
USER0 - VDR:

IR code: e
USER1 - VIR:
    length:      Unknown
    read_only:   False
    reset:       0
    value:       0


============================================================
86: Exit1-IR

IR:
    length:      10
    read_only:   False
    reset:       6
    value:       3ff

IR code: 6
IDCODE:
    length:      32
    read_only:   True
    reset:       20b10dd
    value:       20b10dd

IR code: 3ff
BYPASS:
    length:      1
    read_only:   False
    reset:       0
    value:       0

IR code: c
USER0 - VDR:

IR code: e
USER1 - VIR:
    length:      Unknown
    read_only:   False
    reset:       0
    value:       0


============================================================
87: Update-IR

IR:
    length:      10
    read_only:   False
    reset:       6
    value:       3ff

IR code: 6
IDCODE:
    length:      32
    read_only:   True
    reset:       20b10dd
    value:       20b10dd

IR code: 3ff
BYPASS:
    length:      1
    read_only:   False
    reset:       0
    value:       0

IR code: c
USER0 - VDR:

IR code: e
USER1 - VIR:
    length:      Unknown
    read_only:   False
    reset:       0
    value:       0


============================================================
88: Select-DR-Scan

IR:
    length:      10
    read_only:   False
    reset:       6
    value:       3ff

IR code: 6
IDCODE:
    length:      32
    read_only:   True
    reset:       20b10dd
    value:       20b10dd

IR code: 3ff
BYPASS:
    length:      1
    read_only:   False
    reset:       0
    value:       0

IR code: c
USER0 - VDR:

IR code: e
USER1 - VIR:
    length:      Unknown
    read_only:   False
    reset:       0
    value:       0


============================================================
89: Select-IR-Scan

IR:
    length:      10
    read_only:   False
    reset:       6
    value:       3ff

IR code: 6
IDCODE:
    length:      32
    read_only:   True
    reset:       20b10dd
    value:       20b10dd

IR code: 3ff
BYPASS:
    length:      1
    read_only:   False
    reset:       0
    value:       0

IR code: c
USER0 - VDR:

IR code: e
USER1 - VIR:
    length:      Unknown
    read_only:   False
    reset:       0
    value:       0


============================================================
90: Capture-IR

IR:
    length:      10
    read_only:   False
    reset:       6
    value:       3ff

IR code: 6
IDCODE:
    length:      32
    read_only:   True
    reset:       20b10dd
    value:       20b10dd

IR code: 3ff
BYPASS:
    length:      1
    read_only:   False
    reset:       0
    value:       0

IR code: c
USER0 - VDR:

IR code: e
USER1 - VIR:
    length:      Unknown
    read_only:   False
    reset:       0
    value:       0


============================================================
91: Shift-IR - TDI 3fffe - TDO 3f955 - 18

Lower TDO value match! 155
Upper TDO value match! fe
Update value: 3ff -> 3ff
IR:
    length:      10
    read_only:   False
    reset:       6
    value:       3ff

IR code: 6
IDCODE:
    length:      32
    read_only:   True
    reset:       20b10dd
    value:       20b10dd

IR code: 3ff
BYPASS:
    length:      1
    read_only:   False
    reset:       0
    value:       0

IR code: c
USER0 - VDR:

IR code: e
USER1 - VIR:
    length:      Unknown
    read_only:   False
    reset:       0
    value:       0


============================================================
92: Exit1-IR

IR:
    length:      10
    read_only:   False
    reset:       6
    value:       3ff

IR code: 6
IDCODE:
    length:      32
    read_only:   True
    reset:       20b10dd
    value:       20b10dd

IR code: 3ff
BYPASS:
    length:      1
    read_only:   False
    reset:       0
    value:       0

IR code: c
USER0 - VDR:

IR code: e
USER1 - VIR:
    length:      Unknown
    read_only:   False
    reset:       0
    value:       0


============================================================
93: Update-IR

IR:
    length:      10
    read_only:   False
    reset:       6
    value:       3ff

IR code: 6
IDCODE:
    length:      32
    read_only:   True
    reset:       20b10dd
    value:       20b10dd

IR code: 3ff
BYPASS:
    length:      1
    read_only:   False
    reset:       0
    value:       0

IR code: c
USER0 - VDR:

IR code: e
USER1 - VIR:
    length:      Unknown
    read_only:   False
    reset:       0
    value:       0


============================================================
94: Select-DR-Scan

IR:
    length:      10
    read_only:   False
    reset:       6
    value:       3ff

IR code: 6
IDCODE:
    length:      32
    read_only:   True
    reset:       20b10dd
    value:       20b10dd

IR code: 3ff
BYPASS:
    length:      1
    read_only:   False
    reset:       0
    value:       0

IR code: c
USER0 - VDR:

IR code: e
USER1 - VIR:
    length:      Unknown
    read_only:   False
    reset:       0
    value:       0


============================================================
95: Select-IR-Scan

IR:
    length:      10
    read_only:   False
    reset:       6
    value:       3ff

IR code: 6
IDCODE:
    length:      32
    read_only:   True
    reset:       20b10dd
    value:       20b10dd

IR code: 3ff
BYPASS:
    length:      1
    read_only:   False
    reset:       0
    value:       0

IR code: c
USER0 - VDR:

IR code: e
USER1 - VIR:
    length:      Unknown
    read_only:   False
    reset:       0
    value:       0


============================================================
96: Test-Logic-Reset

IR:
    length:      10
    read_only:   False
    reset:       6
    value:       6

IR code: 6
IDCODE:
    length:      32
    read_only:   True
    reset:       20b10dd
    value:       20b10dd

IR code: 3ff
BYPASS:
    length:      1
    read_only:   False
    reset:       0
    value:       0

IR code: c
USER0 - VDR:

IR code: e
USER1 - VIR:
    length:      Unknown
    read_only:   False
    reset:       0
    value:       0


============================================================
97: Run-Test/Idle

IR:
    length:      10
    read_only:   False
    reset:       6
    value:       6

IR code: 6
IDCODE:
    length:      32
    read_only:   True
    reset:       20b10dd
    value:       20b10dd

IR code: 3ff
BYPASS:
    length:      1
    read_only:   False
    reset:       0
    value:       0

IR code: c
USER0 - VDR:

IR code: e
USER1 - VIR:
    length:      Unknown
    read_only:   False
    reset:       0
    value:       0


============================================================
98: Select-DR-Scan

IR:
    length:      10
    read_only:   False
    reset:       6
    value:       6

IR code: 6
IDCODE:
    length:      32
    read_only:   True
    reset:       20b10dd
    value:       20b10dd

IR code: 3ff
BYPASS:
    length:      1
    read_only:   False
    reset:       0
    value:       0

IR code: c
USER0 - VDR:

IR code: e
USER1 - VIR:
    length:      Unknown
    read_only:   False
    reset:       0
    value:       0


============================================================
99: Capture-DR

IR:
    length:      10
    read_only:   False
    reset:       6
    value:       6

IR code: 6
IDCODE:
    length:      32
    read_only:   True
    reset:       20b10dd
    value:       20b10dd

IR code: 3ff
BYPASS:
    length:      1
    read_only:   False
    reset:       0
    value:       0

IR code: c
USER0 - VDR:

IR code: e
USER1 - VIR:
    length:      Unknown
    read_only:   False
    reset:       0
    value:       0


============================================================
100: Shift-DR - TDI 1ffffffffffffffffffffffff0fecc0ff - TDO 1ffffffffffffffff0fecc0ff020b10dd - 129

Shift-DR: IDCODE

Lower TDO value match! 20b10dd
Upper TDO value match! 1ffffffffffffffff0fecc0ff
IR:
    length:      10
    read_only:   False
    reset:       6
    value:       6

IR code: 6
IDCODE:
    length:      32
    read_only:   True
    reset:       20b10dd
    value:       20b10dd

IR code: 3ff
BYPASS:
    length:      1
    read_only:   False
    reset:       0
    value:       0

IR code: c
USER0 - VDR:

IR code: e
USER1 - VIR:
    length:      Unknown
    read_only:   False
    reset:       0
    value:       0


============================================================
101: Exit1-DR

IR:
    length:      10
    read_only:   False
    reset:       6
    value:       6

IR code: 6
IDCODE:
    length:      32
    read_only:   True
    reset:       20b10dd
    value:       20b10dd

IR code: 3ff
BYPASS:
    length:      1
    read_only:   False
    reset:       0
    value:       0

IR code: c
USER0 - VDR:

IR code: e
USER1 - VIR:
    length:      Unknown
    read_only:   False
    reset:       0
    value:       0


============================================================
102: Update-DR

IR:
    length:      10
    read_only:   False
    reset:       6
    value:       6

IR code: 6
IDCODE:
    length:      32
    read_only:   True
    reset:       20b10dd
    value:       20b10dd

IR code: 3ff
BYPASS:
    length:      1
    read_only:   False
    reset:       0
    value:       0

IR code: c
USER0 - VDR:

IR code: e
USER1 - VIR:
    length:      Unknown
    read_only:   False
    reset:       0
    value:       0


============================================================
103: Select-DR-Scan

IR:
    length:      10
    read_only:   False
    reset:       6
    value:       6

IR code: 6
IDCODE:
    length:      32
    read_only:   True
    reset:       20b10dd
    value:       20b10dd

IR code: 3ff
BYPASS:
    length:      1
    read_only:   False
    reset:       0
    value:       0

IR code: c
USER0 - VDR:

IR code: e
USER1 - VIR:
    length:      Unknown
    read_only:   False
    reset:       0
    value:       0


============================================================
104: Select-IR-Scan

IR:
    length:      10
    read_only:   False
    reset:       6
    value:       6

IR code: 6
IDCODE:
    length:      32
    read_only:   True
    reset:       20b10dd
    value:       20b10dd

IR code: 3ff
BYPASS:
    length:      1
    read_only:   False
    reset:       0
    value:       0

IR code: c
USER0 - VDR:

IR code: e
USER1 - VIR:
    length:      Unknown
    read_only:   False
    reset:       0
    value:       0


============================================================
105: Capture-IR

IR:
    length:      10
    read_only:   False
    reset:       6
    value:       6

IR code: 6
IDCODE:
    length:      32
    read_only:   True
    reset:       20b10dd
    value:       20b10dd

IR code: 3ff
BYPASS:
    length:      1
    read_only:   False
    reset:       0
    value:       0

IR code: c
USER0 - VDR:

IR code: e
USER1 - VIR:
    length:      Unknown
    read_only:   False
    reset:       0
    value:       0


============================================================
106: Shift-IR - TDI 1ffffffffffffffffffffffff0fecc0ff - TDO 1fffffffffffffffffffffc3fb303fd55 - 129

Lower TDO value match! 155
Upper TDO value match! 7fffffffffffffffffffff0fecc0ff
Update value: 6 -> 3ff
IR:
    length:      10
    read_only:   False
    reset:       6
    value:       3ff

IR code: 6
IDCODE:
    length:      32
    read_only:   True
    reset:       20b10dd
    value:       20b10dd

IR code: 3ff
BYPASS:
    length:      1
    read_only:   False
    reset:       0
    value:       0

IR code: c
USER0 - VDR:

IR code: e
USER1 - VIR:
    length:      Unknown
    read_only:   False
    reset:       0
    value:       0


============================================================
107: Exit1-IR

IR:
    length:      10
    read_only:   False
    reset:       6
    value:       3ff

IR code: 6
IDCODE:
    length:      32
    read_only:   True
    reset:       20b10dd
    value:       20b10dd

IR code: 3ff
BYPASS:
    length:      1
    read_only:   False
    reset:       0
    value:       0

IR code: c
USER0 - VDR:

IR code: e
USER1 - VIR:
    length:      Unknown
    read_only:   False
    reset:       0
    value:       0


============================================================
108: Update-IR

IR:
    length:      10
    read_only:   False
    reset:       6
    value:       3ff

IR code: 6
IDCODE:
    length:      32
    read_only:   True
    reset:       20b10dd
    value:       20b10dd

IR code: 3ff
BYPASS:
    length:      1
    read_only:   False
    reset:       0
    value:       0

IR code: c
USER0 - VDR:

IR code: e
USER1 - VIR:
    length:      Unknown
    read_only:   False
    reset:       0
    value:       0


============================================================
109: Select-DR-Scan

IR:
    length:      10
    read_only:   False
    reset:       6
    value:       3ff

IR code: 6
IDCODE:
    length:      32
    read_only:   True
    reset:       20b10dd
    value:       20b10dd

IR code: 3ff
BYPASS:
    length:      1
    read_only:   False
    reset:       0
    value:       0

IR code: c
USER0 - VDR:

IR code: e
USER1 - VIR:
    length:      Unknown
    read_only:   False
    reset:       0
    value:       0


============================================================
110: Select-IR-Scan

IR:
    length:      10
    read_only:   False
    reset:       6
    value:       3ff

IR code: 6
IDCODE:
    length:      32
    read_only:   True
    reset:       20b10dd
    value:       20b10dd

IR code: 3ff
BYPASS:
    length:      1
    read_only:   False
    reset:       0
    value:       0

IR code: c
USER0 - VDR:

IR code: e
USER1 - VIR:
    length:      Unknown
    read_only:   False
    reset:       0
    value:       0


============================================================
111: Capture-IR

IR:
    length:      10
    read_only:   False
    reset:       6
    value:       3ff

IR code: 6
IDCODE:
    length:      32
    read_only:   True
    reset:       20b10dd
    value:       20b10dd

IR code: 3ff
BYPASS:
    length:      1
    read_only:   False
    reset:       0
    value:       0

IR code: c
USER0 - VDR:

IR code: e
USER1 - VIR:
    length:      Unknown
    read_only:   False
    reset:       0
    value:       0


============================================================
112: Shift-IR - TDI 1ffffffffffffffffffffffff0fecc0ff - TDO 1fffffffffffffffffffffc3fb303fd55 - 129

Lower TDO value match! 155
Upper TDO value match! 7fffffffffffffffffffff0fecc0ff
Update value: 3ff -> 3ff
IR:
    length:      10
    read_only:   False
    reset:       6
    value:       3ff

IR code: 6
IDCODE:
    length:      32
    read_only:   True
    reset:       20b10dd
    value:       20b10dd

IR code: 3ff
BYPASS:
    length:      1
    read_only:   False
    reset:       0
    value:       0

IR code: c
USER0 - VDR:

IR code: e
USER1 - VIR:
    length:      Unknown
    read_only:   False
    reset:       0
    value:       0


============================================================
113: Exit1-IR

IR:
    length:      10
    read_only:   False
    reset:       6
    value:       3ff

IR code: 6
IDCODE:
    length:      32
    read_only:   True
    reset:       20b10dd
    value:       20b10dd

IR code: 3ff
BYPASS:
    length:      1
    read_only:   False
    reset:       0
    value:       0

IR code: c
USER0 - VDR:

IR code: e
USER1 - VIR:
    length:      Unknown
    read_only:   False
    reset:       0
    value:       0


============================================================
114: Update-IR

IR:
    length:      10
    read_only:   False
    reset:       6
    value:       3ff

IR code: 6
IDCODE:
    length:      32
    read_only:   True
    reset:       20b10dd
    value:       20b10dd

IR code: 3ff
BYPASS:
    length:      1
    read_only:   False
    reset:       0
    value:       0

IR code: c
USER0 - VDR:

IR code: e
USER1 - VIR:
    length:      Unknown
    read_only:   False
    reset:       0
    value:       0


============================================================
115: Select-DR-Scan

IR:
    length:      10
    read_only:   False
    reset:       6
    value:       3ff

IR code: 6
IDCODE:
    length:      32
    read_only:   True
    reset:       20b10dd
    value:       20b10dd

IR code: 3ff
BYPASS:
    length:      1
    read_only:   False
    reset:       0
    value:       0

IR code: c
USER0 - VDR:

IR code: e
USER1 - VIR:
    length:      Unknown
    read_only:   False
    reset:       0
    value:       0


============================================================
116: Capture-DR

IR:
    length:      10
    read_only:   False
    reset:       6
    value:       3ff

IR code: 6
IDCODE:
    length:      32
    read_only:   True
    reset:       20b10dd
    value:       20b10dd

IR code: 3ff
BYPASS:
    length:      1
    read_only:   False
    reset:       0
    value:       0

IR code: c
USER0 - VDR:

IR code: e
USER1 - VIR:
    length:      Unknown
    read_only:   False
    reset:       0
    value:       0


============================================================
117: Shift-DR - TDI 1ffffffffffffffffffffffff0fecc0ff - TDO 1fffffffffffffffffffffffe1fd981fe - 129

Shift-DR: BYPASS

Upper TDO value match! ffffffffffffffffffffffff0fecc0ff
Update value: 0 -> 1
IR:
    length:      10
    read_only:   False
    reset:       6
    value:       3ff

IR code: 6
IDCODE:
    length:      32
    read_only:   True
    reset:       20b10dd
    value:       20b10dd

IR code: 3ff
BYPASS:
    length:      1
    read_only:   False
    reset:       0
    value:       1

IR code: c
USER0 - VDR:

IR code: e
USER1 - VIR:
    length:      Unknown
    read_only:   False
    reset:       0
    value:       0


============================================================
118: Exit1-DR

IR:
    length:      10
    read_only:   False
    reset:       6
    value:       3ff

IR code: 6
IDCODE:
    length:      32
    read_only:   True
    reset:       20b10dd
    value:       20b10dd

IR code: 3ff
BYPASS:
    length:      1
    read_only:   False
    reset:       0
    value:       1

IR code: c
USER0 - VDR:

IR code: e
USER1 - VIR:
    length:      Unknown
    read_only:   False
    reset:       0
    value:       0


============================================================
119: Update-DR

IR:
    length:      10
    read_only:   False
    reset:       6
    value:       3ff

IR code: 6
IDCODE:
    length:      32
    read_only:   True
    reset:       20b10dd
    value:       20b10dd

IR code: 3ff
BYPASS:
    length:      1
    read_only:   False
    reset:       0
    value:       1

IR code: c
USER0 - VDR:

IR code: e
USER1 - VIR:
    length:      Unknown
    read_only:   False
    reset:       0
    value:       0


============================================================
120: Select-DR-Scan

IR:
    length:      10
    read_only:   False
    reset:       6
    value:       3ff

IR code: 6
IDCODE:
    length:      32
    read_only:   True
    reset:       20b10dd
    value:       20b10dd

IR code: 3ff
BYPASS:
    length:      1
    read_only:   False
    reset:       0
    value:       1

IR code: c
USER0 - VDR:

IR code: e
USER1 - VIR:
    length:      Unknown
    read_only:   False
    reset:       0
    value:       0


============================================================
121: Select-IR-Scan

IR:
    length:      10
    read_only:   False
    reset:       6
    value:       3ff

IR code: 6
IDCODE:
    length:      32
    read_only:   True
    reset:       20b10dd
    value:       20b10dd

IR code: 3ff
BYPASS:
    length:      1
    read_only:   False
    reset:       0
    value:       1

IR code: c
USER0 - VDR:

IR code: e
USER1 - VIR:
    length:      Unknown
    read_only:   False
    reset:       0
    value:       0


============================================================
122: Capture-IR

IR:
    length:      10
    read_only:   False
    reset:       6
    value:       3ff

IR code: 6
IDCODE:
    length:      32
    read_only:   True
    reset:       20b10dd
    value:       20b10dd

IR code: 3ff
BYPASS:
    length:      1
    read_only:   False
    reset:       0
    value:       1

IR code: c
USER0 - VDR:

IR code: e
USER1 - VIR:
    length:      Unknown
    read_only:   False
    reset:       0
    value:       0


============================================================
123: Shift-IR - TDI 3ff - TDO 155 - 10

Lower TDO value match! 155
Update value: 3ff -> 3ff
IR:
    length:      10
    read_only:   False
    reset:       6
    value:       3ff

IR code: 6
IDCODE:
    length:      32
    read_only:   True
    reset:       20b10dd
    value:       20b10dd

IR code: 3ff
BYPASS:
    length:      1
    read_only:   False
    reset:       0
    value:       1

IR code: c
USER0 - VDR:

IR code: e
USER1 - VIR:
    length:      Unknown
    read_only:   False
    reset:       0
    value:       0


============================================================
124: Exit1-IR

IR:
    length:      10
    read_only:   False
    reset:       6
    value:       3ff

IR code: 6
IDCODE:
    length:      32
    read_only:   True
    reset:       20b10dd
    value:       20b10dd

IR code: 3ff
BYPASS:
    length:      1
    read_only:   False
    reset:       0
    value:       1

IR code: c
USER0 - VDR:

IR code: e
USER1 - VIR:
    length:      Unknown
    read_only:   False
    reset:       0
    value:       0


============================================================
125: Update-IR

IR:
    length:      10
    read_only:   False
    reset:       6
    value:       3ff

IR code: 6
IDCODE:
    length:      32
    read_only:   True
    reset:       20b10dd
    value:       20b10dd

IR code: 3ff
BYPASS:
    length:      1
    read_only:   False
    reset:       0
    value:       1

IR code: c
USER0 - VDR:

IR code: e
USER1 - VIR:
    length:      Unknown
    read_only:   False
    reset:       0
    value:       0


============================================================
126: Select-DR-Scan

IR:
    length:      10
    read_only:   False
    reset:       6
    value:       3ff

IR code: 6
IDCODE:
    length:      32
    read_only:   True
    reset:       20b10dd
    value:       20b10dd

IR code: 3ff
BYPASS:
    length:      1
    read_only:   False
    reset:       0
    value:       1

IR code: c
USER0 - VDR:

IR code: e
USER1 - VIR:
    length:      Unknown
    read_only:   False
    reset:       0
    value:       0


============================================================
127: Capture-DR

IR:
    length:      10
    read_only:   False
    reset:       6
    value:       3ff

IR code: 6
IDCODE:
    length:      32
    read_only:   True
    reset:       20b10dd
    value:       20b10dd

IR code: 3ff
BYPASS:
    length:      1
    read_only:   False
    reset:       0
    value:       1

IR code: c
USER0 - VDR:

IR code: e
USER1 - VIR:
    length:      Unknown
    read_only:   False
    reset:       0
    value:       0


============================================================
128: Shift-DR - TDI 00 - TDO 00 - 7

Shift-DR: BYPASS

Lower TDO value match! 0
Upper TDO value match! 0
Update value: 1 -> 0
IR:
    length:      10
    read_only:   False
    reset:       6
    value:       3ff

IR code: 6
IDCODE:
    length:      32
    read_only:   True
    reset:       20b10dd
    value:       20b10dd

IR code: 3ff
BYPASS:
    length:      1
    read_only:   False
    reset:       0
    value:       0

IR code: c
USER0 - VDR:

IR code: e
USER1 - VIR:
    length:      Unknown
    read_only:   False
    reset:       0
    value:       0


============================================================
129: Exit1-DR

IR:
    length:      10
    read_only:   False
    reset:       6
    value:       3ff

IR code: 6
IDCODE:
    length:      32
    read_only:   True
    reset:       20b10dd
    value:       20b10dd

IR code: 3ff
BYPASS:
    length:      1
    read_only:   False
    reset:       0
    value:       0

IR code: c
USER0 - VDR:

IR code: e
USER1 - VIR:
    length:      Unknown
    read_only:   False
    reset:       0
    value:       0


============================================================
130: Update-DR

IR:
    length:      10
    read_only:   False
    reset:       6
    value:       3ff

IR code: 6
IDCODE:
    length:      32
    read_only:   True
    reset:       20b10dd
    value:       20b10dd

IR code: 3ff
BYPASS:
    length:      1
    read_only:   False
    reset:       0
    value:       0

IR code: c
USER0 - VDR:

IR code: e
USER1 - VIR:
    length:      Unknown
    read_only:   False
    reset:       0
    value:       0


============================================================
131: Select-DR-Scan

IR:
    length:      10
    read_only:   False
    reset:       6
    value:       3ff

IR code: 6
IDCODE:
    length:      32
    read_only:   True
    reset:       20b10dd
    value:       20b10dd

IR code: 3ff
BYPASS:
    length:      1
    read_only:   False
    reset:       0
    value:       0

IR code: c
USER0 - VDR:

IR code: e
USER1 - VIR:
    length:      Unknown
    read_only:   False
    reset:       0
    value:       0


============================================================
132: Select-IR-Scan

IR:
    length:      10
    read_only:   False
    reset:       6
    value:       3ff

IR code: 6
IDCODE:
    length:      32
    read_only:   True
    reset:       20b10dd
    value:       20b10dd

IR code: 3ff
BYPASS:
    length:      1
    read_only:   False
    reset:       0
    value:       0

IR code: c
USER0 - VDR:

IR code: e
USER1 - VIR:
    length:      Unknown
    read_only:   False
    reset:       0
    value:       0


============================================================
133: Capture-IR

IR:
    length:      10
    read_only:   False
    reset:       6
    value:       3ff

IR code: 6
IDCODE:
    length:      32
    read_only:   True
    reset:       20b10dd
    value:       20b10dd

IR code: 3ff
BYPASS:
    length:      1
    read_only:   False
    reset:       0
    value:       0

IR code: c
USER0 - VDR:

IR code: e
USER1 - VIR:
    length:      Unknown
    read_only:   False
    reset:       0
    value:       0


============================================================
134: Shift-IR - TDI 00e - TDO 155 - 10

Lower TDO value match! 155
Update value: 3ff -> e
IR:
    length:      10
    read_only:   False
    reset:       6
    value:       e

IR code: 6
IDCODE:
    length:      32
    read_only:   True
    reset:       20b10dd
    value:       20b10dd

IR code: 3ff
BYPASS:
    length:      1
    read_only:   False
    reset:       0
    value:       0

IR code: c
USER0 - VDR:

IR code: e
USER1 - VIR:
    length:      Unknown
    read_only:   False
    reset:       0
    value:       0


============================================================
135: Exit1-IR

IR:
    length:      10
    read_only:   False
    reset:       6
    value:       e

IR code: 6
IDCODE:
    length:      32
    read_only:   True
    reset:       20b10dd
    value:       20b10dd

IR code: 3ff
BYPASS:
    length:      1
    read_only:   False
    reset:       0
    value:       0

IR code: c
USER0 - VDR:

IR code: e
USER1 - VIR:
    length:      Unknown
    read_only:   False
    reset:       0
    value:       0


============================================================
136: Update-IR

IR:
    length:      10
    read_only:   False
    reset:       6
    value:       e

IR code: 6
IDCODE:
    length:      32
    read_only:   True
    reset:       20b10dd
    value:       20b10dd

IR code: 3ff
BYPASS:
    length:      1
    read_only:   False
    reset:       0
    value:       0

IR code: c
USER0 - VDR:

IR code: e
USER1 - VIR:
    length:      Unknown
    read_only:   False
    reset:       0
    value:       0


============================================================
137: Select-DR-Scan

IR:
    length:      10
    read_only:   False
    reset:       6
    value:       e

IR code: 6
IDCODE:
    length:      32
    read_only:   True
    reset:       20b10dd
    value:       20b10dd

IR code: 3ff
BYPASS:
    length:      1
    read_only:   False
    reset:       0
    value:       0

IR code: c
USER0 - VDR:

IR code: e
USER1 - VIR:
    length:      Unknown
    read_only:   False
    reset:       0
    value:       0


============================================================
138: Capture-DR

IR:
    length:      10
    read_only:   False
    reset:       6
    value:       e

IR code: 6
IDCODE:
    length:      32
    read_only:   True
    reset:       20b10dd
    value:       20b10dd

IR code: 3ff
BYPASS:
    length:      1
    read_only:   False
    reset:       0
    value:       0

IR code: c
USER0 - VDR:

IR code: e
USER1 - VIR:
    length:      Unknown
    read_only:   False
    reset:       0
    value:       0


============================================================
139: Shift-DR - TDI 000000000000000000 - TDO 7fffffffffffffffff - 71

Shift-DR: USER1 - VIR

Note: no USER1 chain present.

Warning: shift into undefined scan chain.
IR:
    length:      10
    read_only:   False
    reset:       6
    value:       e

IR code: 6
IDCODE:
    length:      32
    read_only:   True
    reset:       20b10dd
    value:       20b10dd

IR code: 3ff
BYPASS:
    length:      1
    read_only:   False
    reset:       0
    value:       0

IR code: c
USER0 - VDR:

IR code: e
USER1 - VIR:
    length:      Unknown
    read_only:   False
    reset:       0
    value:       0


============================================================
140: Exit1-DR

IR:
    length:      10
    read_only:   False
    reset:       6
    value:       e

IR code: 6
IDCODE:
    length:      32
    read_only:   True
    reset:       20b10dd
    value:       20b10dd

IR code: 3ff
BYPASS:
    length:      1
    read_only:   False
    reset:       0
    value:       0

IR code: c
USER0 - VDR:

IR code: e
USER1 - VIR:
    length:      Unknown
    read_only:   False
    reset:       0
    value:       0


============================================================
141: Update-DR

IR:
    length:      10
    read_only:   False
    reset:       6
    value:       e

IR code: 6
IDCODE:
    length:      32
    read_only:   True
    reset:       20b10dd
    value:       20b10dd

IR code: 3ff
BYPASS:
    length:      1
    read_only:   False
    reset:       0
    value:       0

IR code: c
USER0 - VDR:

IR code: e
USER1 - VIR:
    length:      Unknown
    read_only:   False
    reset:       0
    value:       0


============================================================
142: Select-DR-Scan

IR:
    length:      10
    read_only:   False
    reset:       6
    value:       e

IR code: 6
IDCODE:
    length:      32
    read_only:   True
    reset:       20b10dd
    value:       20b10dd

IR code: 3ff
BYPASS:
    length:      1
    read_only:   False
    reset:       0
    value:       0

IR code: c
USER0 - VDR:

IR code: e
USER1 - VIR:
    length:      Unknown
    read_only:   False
    reset:       0
    value:       0


============================================================
143: Select-IR-Scan

IR:
    length:      10
    read_only:   False
    reset:       6
    value:       e

IR code: 6
IDCODE:
    length:      32
    read_only:   True
    reset:       20b10dd
    value:       20b10dd

IR code: 3ff
BYPASS:
    length:      1
    read_only:   False
    reset:       0
    value:       0

IR code: c
USER0 - VDR:

IR code: e
USER1 - VIR:
    length:      Unknown
    read_only:   False
    reset:       0
    value:       0


============================================================
144: Capture-IR

IR:
    length:      10
    read_only:   False
    reset:       6
    value:       e

IR code: 6
IDCODE:
    length:      32
    read_only:   True
    reset:       20b10dd
    value:       20b10dd

IR code: 3ff
BYPASS:
    length:      1
    read_only:   False
    reset:       0
    value:       0

IR code: c
USER0 - VDR:

IR code: e
USER1 - VIR:
    length:      Unknown
    read_only:   False
    reset:       0
    value:       0


============================================================
145: Shift-IR - TDI 00c - TDO 155 - 10

Lower TDO value match! 155
Update value: e -> c
IR:
    length:      10
    read_only:   False
    reset:       6
    value:       c

IR code: 6
IDCODE:
    length:      32
    read_only:   True
    reset:       20b10dd
    value:       20b10dd

IR code: 3ff
BYPASS:
    length:      1
    read_only:   False
    reset:       0
    value:       0

IR code: c
USER0 - VDR:

IR code: e
USER1 - VIR:
    length:      Unknown
    read_only:   False
    reset:       0
    value:       0


============================================================
146: Exit1-IR

IR:
    length:      10
    read_only:   False
    reset:       6
    value:       c

IR code: 6
IDCODE:
    length:      32
    read_only:   True
    reset:       20b10dd
    value:       20b10dd

IR code: 3ff
BYPASS:
    length:      1
    read_only:   False
    reset:       0
    value:       0

IR code: c
USER0 - VDR:

IR code: e
USER1 - VIR:
    length:      Unknown
    read_only:   False
    reset:       0
    value:       0


============================================================
147: Update-IR

IR:
    length:      10
    read_only:   False
    reset:       6
    value:       c

IR code: 6
IDCODE:
    length:      32
    read_only:   True
    reset:       20b10dd
    value:       20b10dd

IR code: 3ff
BYPASS:
    length:      1
    read_only:   False
    reset:       0
    value:       0

IR code: c
USER0 - VDR:

IR code: e
USER1 - VIR:
    length:      Unknown
    read_only:   False
    reset:       0
    value:       0


============================================================
148: Select-DR-Scan

IR:
    length:      10
    read_only:   False
    reset:       6
    value:       c

IR code: 6
IDCODE:
    length:      32
    read_only:   True
    reset:       20b10dd
    value:       20b10dd

IR code: 3ff
BYPASS:
    length:      1
    read_only:   False
    reset:       0
    value:       0

IR code: c
USER0 - VDR:

IR code: e
USER1 - VIR:
    length:      Unknown
    read_only:   False
    reset:       0
    value:       0


============================================================
149: Capture-DR

IR:
    length:      10
    read_only:   False
    reset:       6
    value:       c

IR code: 6
IDCODE:
    length:      32
    read_only:   True
    reset:       20b10dd
    value:       20b10dd

IR code: 3ff
BYPASS:
    length:      1
    read_only:   False
    reset:       0
    value:       0

IR code: c
USER0 - VDR:

IR code: e
USER1 - VIR:
    length:      Unknown
    read_only:   False
    reset:       0
    value:       0


============================================================
150: Shift-DR - TDI 00 - TDO 7f - 7

Shift-DR: USER0 - VDR

Error: TDO value larger than 15 during SLD enumeration: 7f
Note: adding 7f to enumeration array.
IR:
    length:      10
    read_only:   False
    reset:       6
    value:       c

IR code: 6
IDCODE:
    length:      32
    read_only:   True
    reset:       20b10dd
    value:       20b10dd

IR code: 3ff
BYPASS:
    length:      1
    read_only:   False
    reset:       0
    value:       0

IR code: c
USER0 - VDR:

IR code: e
USER1 - VIR:
    length:      Unknown
    read_only:   False
    reset:       0
    value:       0


============================================================
151: Exit1-DR

IR:
    length:      10
    read_only:   False
    reset:       6
    value:       c

IR code: 6
IDCODE:
    length:      32
    read_only:   True
    reset:       20b10dd
    value:       20b10dd

IR code: 3ff
BYPASS:
    length:      1
    read_only:   False
    reset:       0
    value:       0

IR code: c
USER0 - VDR:

IR code: e
USER1 - VIR:
    length:      Unknown
    read_only:   False
    reset:       0
    value:       0


============================================================
152: Update-DR

IR:
    length:      10
    read_only:   False
    reset:       6
    value:       c

IR code: 6
IDCODE:
    length:      32
    read_only:   True
    reset:       20b10dd
    value:       20b10dd

IR code: 3ff
BYPASS:
    length:      1
    read_only:   False
    reset:       0
    value:       0

IR code: c
USER0 - VDR:

IR code: e
USER1 - VIR:
    length:      Unknown
    read_only:   False
    reset:       0
    value:       0


============================================================
153: Select-DR-Scan

IR:
    length:      10
    read_only:   False
    reset:       6
    value:       c

IR code: 6
IDCODE:
    length:      32
    read_only:   True
    reset:       20b10dd
    value:       20b10dd

IR code: 3ff
BYPASS:
    length:      1
    read_only:   False
    reset:       0
    value:       0

IR code: c
USER0 - VDR:

IR code: e
USER1 - VIR:
    length:      Unknown
    read_only:   False
    reset:       0
    value:       0


============================================================
154: Capture-DR

IR:
    length:      10
    read_only:   False
    reset:       6
    value:       c

IR code: 6
IDCODE:
    length:      32
    read_only:   True
    reset:       20b10dd
    value:       20b10dd

IR code: 3ff
BYPASS:
    length:      1
    read_only:   False
    reset:       0
    value:       0

IR code: c
USER0 - VDR:

IR code: e
USER1 - VIR:
    length:      Unknown
    read_only:   False
    reset:       0
    value:       0


============================================================
155: Shift-DR - TDI 00 - TDO 7f - 7

Shift-DR: USER0 - VDR

Error: TDO value larger than 15 during SLD enumeration: 7f
Note: adding 7f to enumeration array.
IR:
    length:      10
    read_only:   False
    reset:       6
    value:       c

IR code: 6
IDCODE:
    length:      32
    read_only:   True
    reset:       20b10dd
    value:       20b10dd

IR code: 3ff
BYPASS:
    length:      1
    read_only:   False
    reset:       0
    value:       0

IR code: c
USER0 - VDR:

IR code: e
USER1 - VIR:
    length:      Unknown
    read_only:   False
    reset:       0
    value:       0


============================================================
156: Exit1-DR

IR:
    length:      10
    read_only:   False
    reset:       6
    value:       c

IR code: 6
IDCODE:
    length:      32
    read_only:   True
    reset:       20b10dd
    value:       20b10dd

IR code: 3ff
BYPASS:
    length:      1
    read_only:   False
    reset:       0
    value:       0

IR code: c
USER0 - VDR:

IR code: e
USER1 - VIR:
    length:      Unknown
    read_only:   False
    reset:       0
    value:       0


============================================================
157: Update-DR

IR:
    length:      10
    read_only:   False
    reset:       6
    value:       c

IR code: 6
IDCODE:
    length:      32
    read_only:   True
    reset:       20b10dd
    value:       20b10dd

IR code: 3ff
BYPASS:
    length:      1
    read_only:   False
    reset:       0
    value:       0

IR code: c
USER0 - VDR:

IR code: e
USER1 - VIR:
    length:      Unknown
    read_only:   False
    reset:       0
    value:       0


============================================================
158: Select-DR-Scan

IR:
    length:      10
    read_only:   False
    reset:       6
    value:       c

IR code: 6
IDCODE:
    length:      32
    read_only:   True
    reset:       20b10dd
    value:       20b10dd

IR code: 3ff
BYPASS:
    length:      1
    read_only:   False
    reset:       0
    value:       0

IR code: c
USER0 - VDR:

IR code: e
USER1 - VIR:
    length:      Unknown
    read_only:   False
    reset:       0
    value:       0


============================================================
159: Capture-DR

IR:
    length:      10
    read_only:   False
    reset:       6
    value:       c

IR code: 6
IDCODE:
    length:      32
    read_only:   True
    reset:       20b10dd
    value:       20b10dd

IR code: 3ff
BYPASS:
    length:      1
    read_only:   False
    reset:       0
    value:       0

IR code: c
USER0 - VDR:

IR code: e
USER1 - VIR:
    length:      Unknown
    read_only:   False
    reset:       0
    value:       0


============================================================
160: Shift-DR - TDI 00 - TDO 7f - 7

Shift-DR: USER0 - VDR

Error: TDO value larger than 15 during SLD enumeration: 7f
Note: adding 7f to enumeration array.
IR:
    length:      10
    read_only:   False
    reset:       6
    value:       c

IR code: 6
IDCODE:
    length:      32
    read_only:   True
    reset:       20b10dd
    value:       20b10dd

IR code: 3ff
BYPASS:
    length:      1
    read_only:   False
    reset:       0
    value:       0

IR code: c
USER0 - VDR:

IR code: e
USER1 - VIR:
    length:      Unknown
    read_only:   False
    reset:       0
    value:       0


============================================================
161: Exit1-DR

IR:
    length:      10
    read_only:   False
    reset:       6
    value:       c

IR code: 6
IDCODE:
    length:      32
    read_only:   True
    reset:       20b10dd
    value:       20b10dd

IR code: 3ff
BYPASS:
    length:      1
    read_only:   False
    reset:       0
    value:       0

IR code: c
USER0 - VDR:

IR code: e
USER1 - VIR:
    length:      Unknown
    read_only:   False
    reset:       0
    value:       0


============================================================
162: Update-DR

IR:
    length:      10
    read_only:   False
    reset:       6
    value:       c

IR code: 6
IDCODE:
    length:      32
    read_only:   True
    reset:       20b10dd
    value:       20b10dd

IR code: 3ff
BYPASS:
    length:      1
    read_only:   False
    reset:       0
    value:       0

IR code: c
USER0 - VDR:

IR code: e
USER1 - VIR:
    length:      Unknown
    read_only:   False
    reset:       0
    value:       0


============================================================
163: Select-DR-Scan

IR:
    length:      10
    read_only:   False
    reset:       6
    value:       c

IR code: 6
IDCODE:
    length:      32
    read_only:   True
    reset:       20b10dd
    value:       20b10dd

IR code: 3ff
BYPASS:
    length:      1
    read_only:   False
    reset:       0
    value:       0

IR code: c
USER0 - VDR:

IR code: e
USER1 - VIR:
    length:      Unknown
    read_only:   False
    reset:       0
    value:       0


============================================================
164: Capture-DR

IR:
    length:      10
    read_only:   False
    reset:       6
    value:       c

IR code: 6
IDCODE:
    length:      32
    read_only:   True
    reset:       20b10dd
    value:       20b10dd

IR code: 3ff
BYPASS:
    length:      1
    read_only:   False
    reset:       0
    value:       0

IR code: c
USER0 - VDR:

IR code: e
USER1 - VIR:
    length:      Unknown
    read_only:   False
    reset:       0
    value:       0


============================================================
165: Shift-DR - TDI 00 - TDO 7f - 7

Shift-DR: USER0 - VDR

Error: TDO value larger than 15 during SLD enumeration: 7f
Note: adding 7f to enumeration array.
IR:
    length:      10
    read_only:   False
    reset:       6
    value:       c

IR code: 6
IDCODE:
    length:      32
    read_only:   True
    reset:       20b10dd
    value:       20b10dd

IR code: 3ff
BYPASS:
    length:      1
    read_only:   False
    reset:       0
    value:       0

IR code: c
USER0 - VDR:

IR code: e
USER1 - VIR:
    length:      Unknown
    read_only:   False
    reset:       0
    value:       0


============================================================
166: Exit1-DR

IR:
    length:      10
    read_only:   False
    reset:       6
    value:       c

IR code: 6
IDCODE:
    length:      32
    read_only:   True
    reset:       20b10dd
    value:       20b10dd

IR code: 3ff
BYPASS:
    length:      1
    read_only:   False
    reset:       0
    value:       0

IR code: c
USER0 - VDR:

IR code: e
USER1 - VIR:
    length:      Unknown
    read_only:   False
    reset:       0
    value:       0


============================================================
167: Update-DR

IR:
    length:      10
    read_only:   False
    reset:       6
    value:       c

IR code: 6
IDCODE:
    length:      32
    read_only:   True
    reset:       20b10dd
    value:       20b10dd

IR code: 3ff
BYPASS:
    length:      1
    read_only:   False
    reset:       0
    value:       0

IR code: c
USER0 - VDR:

IR code: e
USER1 - VIR:
    length:      Unknown
    read_only:   False
    reset:       0
    value:       0


============================================================
168: Select-DR-Scan

IR:
    length:      10
    read_only:   False
    reset:       6
    value:       c

IR code: 6
IDCODE:
    length:      32
    read_only:   True
    reset:       20b10dd
    value:       20b10dd

IR code: 3ff
BYPASS:
    length:      1
    read_only:   False
    reset:       0
    value:       0

IR code: c
USER0 - VDR:

IR code: e
USER1 - VIR:
    length:      Unknown
    read_only:   False
    reset:       0
    value:       0


============================================================
169: Capture-DR

IR:
    length:      10
    read_only:   False
    reset:       6
    value:       c

IR code: 6
IDCODE:
    length:      32
    read_only:   True
    reset:       20b10dd
    value:       20b10dd

IR code: 3ff
BYPASS:
    length:      1
    read_only:   False
    reset:       0
    value:       0

IR code: c
USER0 - VDR:

IR code: e
USER1 - VIR:
    length:      Unknown
    read_only:   False
    reset:       0
    value:       0


============================================================
170: Shift-DR - TDI 00 - TDO 7f - 7

Shift-DR: USER0 - VDR

Error: TDO value larger than 15 during SLD enumeration: 7f
Note: adding 7f to enumeration array.
IR:
    length:      10
    read_only:   False
    reset:       6
    value:       c

IR code: 6
IDCODE:
    length:      32
    read_only:   True
    reset:       20b10dd
    value:       20b10dd

IR code: 3ff
BYPASS:
    length:      1
    read_only:   False
    reset:       0
    value:       0

IR code: c
USER0 - VDR:

IR code: e
USER1 - VIR:
    length:      Unknown
    read_only:   False
    reset:       0
    value:       0


============================================================
171: Exit1-DR

IR:
    length:      10
    read_only:   False
    reset:       6
    value:       c

IR code: 6
IDCODE:
    length:      32
    read_only:   True
    reset:       20b10dd
    value:       20b10dd

IR code: 3ff
BYPASS:
    length:      1
    read_only:   False
    reset:       0
    value:       0

IR code: c
USER0 - VDR:

IR code: e
USER1 - VIR:
    length:      Unknown
    read_only:   False
    reset:       0
    value:       0


============================================================
172: Update-DR

IR:
    length:      10
    read_only:   False
    reset:       6
    value:       c

IR code: 6
IDCODE:
    length:      32
    read_only:   True
    reset:       20b10dd
    value:       20b10dd

IR code: 3ff
BYPASS:
    length:      1
    read_only:   False
    reset:       0
    value:       0

IR code: c
USER0 - VDR:

IR code: e
USER1 - VIR:
    length:      Unknown
    read_only:   False
    reset:       0
    value:       0


============================================================
173: Select-DR-Scan

IR:
    length:      10
    read_only:   False
    reset:       6
    value:       c

IR code: 6
IDCODE:
    length:      32
    read_only:   True
    reset:       20b10dd
    value:       20b10dd

IR code: 3ff
BYPASS:
    length:      1
    read_only:   False
    reset:       0
    value:       0

IR code: c
USER0 - VDR:

IR code: e
USER1 - VIR:
    length:      Unknown
    read_only:   False
    reset:       0
    value:       0


============================================================
174: Capture-DR

IR:
    length:      10
    read_only:   False
    reset:       6
    value:       c

IR code: 6
IDCODE:
    length:      32
    read_only:   True
    reset:       20b10dd
    value:       20b10dd

IR code: 3ff
BYPASS:
    length:      1
    read_only:   False
    reset:       0
    value:       0

IR code: c
USER0 - VDR:

IR code: e
USER1 - VIR:
    length:      Unknown
    read_only:   False
    reset:       0
    value:       0


============================================================
175: Shift-DR - TDI 00 - TDO 7f - 7

Shift-DR: USER0 - VDR

Error: TDO value larger than 15 during SLD enumeration: 7f
Note: adding 7f to enumeration array.
IR:
    length:      10
    read_only:   False
    reset:       6
    value:       c

IR code: 6
IDCODE:
    length:      32
    read_only:   True
    reset:       20b10dd
    value:       20b10dd

IR code: 3ff
BYPASS:
    length:      1
    read_only:   False
    reset:       0
    value:       0

IR code: c
USER0 - VDR:

IR code: e
USER1 - VIR:
    length:      Unknown
    read_only:   False
    reset:       0
    value:       0


============================================================
176: Exit1-DR

IR:
    length:      10
    read_only:   False
    reset:       6
    value:       c

IR code: 6
IDCODE:
    length:      32
    read_only:   True
    reset:       20b10dd
    value:       20b10dd

IR code: 3ff
BYPASS:
    length:      1
    read_only:   False
    reset:       0
    value:       0

IR code: c
USER0 - VDR:

IR code: e
USER1 - VIR:
    length:      Unknown
    read_only:   False
    reset:       0
    value:       0


============================================================
177: Update-DR

IR:
    length:      10
    read_only:   False
    reset:       6
    value:       c

IR code: 6
IDCODE:
    length:      32
    read_only:   True
    reset:       20b10dd
    value:       20b10dd

IR code: 3ff
BYPASS:
    length:      1
    read_only:   False
    reset:       0
    value:       0

IR code: c
USER0 - VDR:

IR code: e
USER1 - VIR:
    length:      Unknown
    read_only:   False
    reset:       0
    value:       0


============================================================
178: Select-DR-Scan

IR:
    length:      10
    read_only:   False
    reset:       6
    value:       c

IR code: 6
IDCODE:
    length:      32
    read_only:   True
    reset:       20b10dd
    value:       20b10dd

IR code: 3ff
BYPASS:
    length:      1
    read_only:   False
    reset:       0
    value:       0

IR code: c
USER0 - VDR:

IR code: e
USER1 - VIR:
    length:      Unknown
    read_only:   False
    reset:       0
    value:       0


============================================================
179: Capture-DR

IR:
    length:      10
    read_only:   False
    reset:       6
    value:       c

IR code: 6
IDCODE:
    length:      32
    read_only:   True
    reset:       20b10dd
    value:       20b10dd

IR code: 3ff
BYPASS:
    length:      1
    read_only:   False
    reset:       0
    value:       0

IR code: c
USER0 - VDR:

IR code: e
USER1 - VIR:
    length:      Unknown
    read_only:   False
    reset:       0
    value:       0


============================================================
180: Shift-DR - TDI 00 - TDO 7f - 7

Shift-DR: USER0 - VDR

Error: TDO value larger than 15 during SLD enumeration: 7f
Note: adding 7f to enumeration array.
IR:
    length:      10
    read_only:   False
    reset:       6
    value:       c

IR code: 6
IDCODE:
    length:      32
    read_only:   True
    reset:       20b10dd
    value:       20b10dd

IR code: 3ff
BYPASS:
    length:      1
    read_only:   False
    reset:       0
    value:       0

IR code: c
USER0 - VDR:

IR code: e
USER1 - VIR:
    length:      Unknown
    read_only:   False
    reset:       0
    value:       0


============================================================
181: Exit1-DR

IR:
    length:      10
    read_only:   False
    reset:       6
    value:       c

IR code: 6
IDCODE:
    length:      32
    read_only:   True
    reset:       20b10dd
    value:       20b10dd

IR code: 3ff
BYPASS:
    length:      1
    read_only:   False
    reset:       0
    value:       0

IR code: c
USER0 - VDR:

IR code: e
USER1 - VIR:
    length:      Unknown
    read_only:   False
    reset:       0
    value:       0


============================================================
182: Update-DR

IR:
    length:      10
    read_only:   False
    reset:       6
    value:       c

IR code: 6
IDCODE:
    length:      32
    read_only:   True
    reset:       20b10dd
    value:       20b10dd

IR code: 3ff
BYPASS:
    length:      1
    read_only:   False
    reset:       0
    value:       0

IR code: c
USER0 - VDR:

IR code: e
USER1 - VIR:
    length:      Unknown
    read_only:   False
    reset:       0
    value:       0


============================================================
183: Select-DR-Scan

IR:
    length:      10
    read_only:   False
    reset:       6
    value:       c

IR code: 6
IDCODE:
    length:      32
    read_only:   True
    reset:       20b10dd
    value:       20b10dd

IR code: 3ff
BYPASS:
    length:      1
    read_only:   False
    reset:       0
    value:       0

IR code: c
USER0 - VDR:

IR code: e
USER1 - VIR:
    length:      Unknown
    read_only:   False
    reset:       0
    value:       0


============================================================
184: Capture-DR

IR:
    length:      10
    read_only:   False
    reset:       6
    value:       c

IR code: 6
IDCODE:
    length:      32
    read_only:   True
    reset:       20b10dd
    value:       20b10dd

IR code: 3ff
BYPASS:
    length:      1
    read_only:   False
    reset:       0
    value:       0

IR code: c
USER0 - VDR:

IR code: e
USER1 - VIR:
    length:      Unknown
    read_only:   False
    reset:       0
    value:       0


============================================================
185: Shift-DR - TDI 00 - TDO 7f - 7

Shift-DR: USER0 - VDR

Error: TDO value larger than 15 during SLD enumeration: 7f
Note: adding 7f to enumeration array.
Note: new SLD hub : ffffffff: mfg id: 255, nr nodes: 255, hub rev: 31, m: 255
Note: VIR length = n(8) + m(255) = 263
