============================================================
1: Run-Test/Idle

IR chain:
    name:        IR
    length:      10
    read_only:   False
    reset:       0x6
    value:       Unknown

DR chain (IR code: 0x6):
    name:        IDCODE
    length:      32
    read_only:   True
    reset:       0x20b10dd
    value:       Unknown

DR chain (IR code: 0x3ff):
    name:        BYPASS
    length:      1
    read_only:   False
    reset:       0x0
    value:       Unknown

DR chain (IR code: 0xc):
    name:        USER0 - VDR

DR chain (IR code: 0xe):
    name:        USER1 - VIR
    length:      Unknown
    read_only:   False
    reset:       0x0
    value:       Unknown


============================================================
2: Select-DR-Scan

IR chain:
    name:        IR
    length:      10
    read_only:   False
    reset:       0x6
    value:       Unknown

DR chain (IR code: 0x6):
    name:        IDCODE
    length:      32
    read_only:   True
    reset:       0x20b10dd
    value:       Unknown

DR chain (IR code: 0x3ff):
    name:        BYPASS
    length:      1
    read_only:   False
    reset:       0x0
    value:       Unknown

DR chain (IR code: 0xc):
    name:        USER0 - VDR

DR chain (IR code: 0xe):
    name:        USER1 - VIR
    length:      Unknown
    read_only:   False
    reset:       0x0
    value:       Unknown


============================================================
3: Select-IR-Scan

IR chain:
    name:        IR
    length:      10
    read_only:   False
    reset:       0x6
    value:       Unknown

DR chain (IR code: 0x6):
    name:        IDCODE
    length:      32
    read_only:   True
    reset:       0x20b10dd
    value:       Unknown

DR chain (IR code: 0x3ff):
    name:        BYPASS
    length:      1
    read_only:   False
    reset:       0x0
    value:       Unknown

DR chain (IR code: 0xc):
    name:        USER0 - VDR

DR chain (IR code: 0xe):
    name:        USER1 - VIR
    length:      Unknown
    read_only:   False
    reset:       0x0
    value:       Unknown


============================================================
4: Test-Logic-Reset

IR chain:
    name:        IR
    length:      10
    read_only:   False
    reset:       0x6
    value:       0x6

DR chain (IR code: 0x6):       <<<<< SELECTED
    name:        IDCODE
    length:      32
    read_only:   True
    reset:       0x20b10dd
    value:       0x20b10dd

DR chain (IR code: 0x3ff):
    name:        BYPASS
    length:      1
    read_only:   False
    reset:       0x0
    value:       0x0

DR chain (IR code: 0xc):
    name:        USER0 - VDR

DR chain (IR code: 0xe):
    name:        USER1 - VIR
    length:      Unknown
    read_only:   False
    reset:       0x0
    value:       0x0


============================================================
5: Run-Test/Idle

IR chain:
    name:        IR
    length:      10
    read_only:   False
    reset:       0x6
    value:       0x6

DR chain (IR code: 0x6):       <<<<< SELECTED
    name:        IDCODE
    length:      32
    read_only:   True
    reset:       0x20b10dd
    value:       0x20b10dd

DR chain (IR code: 0x3ff):
    name:        BYPASS
    length:      1
    read_only:   False
    reset:       0x0
    value:       0x0

DR chain (IR code: 0xc):
    name:        USER0 - VDR

DR chain (IR code: 0xe):
    name:        USER1 - VIR
    length:      Unknown
    read_only:   False
    reset:       0x0
    value:       0x0


============================================================
6: Select-DR-Scan

IR chain:
    name:        IR
    length:      10
    read_only:   False
    reset:       0x6
    value:       0x6

DR chain (IR code: 0x6):       <<<<< SELECTED
    name:        IDCODE
    length:      32
    read_only:   True
    reset:       0x20b10dd
    value:       0x20b10dd

DR chain (IR code: 0x3ff):
    name:        BYPASS
    length:      1
    read_only:   False
    reset:       0x0
    value:       0x0

DR chain (IR code: 0xc):
    name:        USER0 - VDR

DR chain (IR code: 0xe):
    name:        USER1 - VIR
    length:      Unknown
    read_only:   False
    reset:       0x0
    value:       0x0


============================================================
7: Capture-DR

IR chain:
    name:        IR
    length:      10
    read_only:   False
    reset:       0x6
    value:       0x6

DR chain (IR code: 0x6):       <<<<< SELECTED
    name:        IDCODE
    length:      32
    read_only:   True
    reset:       0x20b10dd
    value:       0x20b10dd

DR chain (IR code: 0x3ff):
    name:        BYPASS
    length:      1
    read_only:   False
    reset:       0x0
    value:       0x0

DR chain (IR code: 0xc):
    name:        USER0 - VDR

DR chain (IR code: 0xe):
    name:        USER1 - VIR
    length:      Unknown
    read_only:   False
    reset:       0x0
    value:       0x0


============================================================
8: Shift-DR - TDI 0x1ffffffffffffffffffffffff0fecc0ff - TDO 0x1ffffffffffffffff0fecc0ff020b10dd - 129

Shift-DR: IDCODE

Note: Lower TDO value match! 0x20b10dd
Note: Upper TDO value match! 0x1ffffffffffffffff0fecc0ff
IR chain:
    name:        IR
    length:      10
    read_only:   False
    reset:       0x6
    value:       0x6

DR chain (IR code: 0x6):       <<<<< SELECTED
    name:        IDCODE
    length:      32
    read_only:   True
    reset:       0x20b10dd
    value:       0x20b10dd

DR chain (IR code: 0x3ff):
    name:        BYPASS
    length:      1
    read_only:   False
    reset:       0x0
    value:       0x0

DR chain (IR code: 0xc):
    name:        USER0 - VDR

DR chain (IR code: 0xe):
    name:        USER1 - VIR
    length:      Unknown
    read_only:   False
    reset:       0x0
    value:       0x0


============================================================
9: Exit1-DR

IR chain:
    name:        IR
    length:      10
    read_only:   False
    reset:       0x6
    value:       0x6

DR chain (IR code: 0x6):       <<<<< SELECTED
    name:        IDCODE
    length:      32
    read_only:   True
    reset:       0x20b10dd
    value:       0x20b10dd

DR chain (IR code: 0x3ff):
    name:        BYPASS
    length:      1
    read_only:   False
    reset:       0x0
    value:       0x0

DR chain (IR code: 0xc):
    name:        USER0 - VDR

DR chain (IR code: 0xe):
    name:        USER1 - VIR
    length:      Unknown
    read_only:   False
    reset:       0x0
    value:       0x0


============================================================
10: Update-DR

IR chain:
    name:        IR
    length:      10
    read_only:   False
    reset:       0x6
    value:       0x6

DR chain (IR code: 0x6):       <<<<< SELECTED
    name:        IDCODE
    length:      32
    read_only:   True
    reset:       0x20b10dd
    value:       0x20b10dd

DR chain (IR code: 0x3ff):
    name:        BYPASS
    length:      1
    read_only:   False
    reset:       0x0
    value:       0x0

DR chain (IR code: 0xc):
    name:        USER0 - VDR

DR chain (IR code: 0xe):
    name:        USER1 - VIR
    length:      Unknown
    read_only:   False
    reset:       0x0
    value:       0x0


============================================================
11: Select-DR-Scan

IR chain:
    name:        IR
    length:      10
    read_only:   False
    reset:       0x6
    value:       0x6

DR chain (IR code: 0x6):       <<<<< SELECTED
    name:        IDCODE
    length:      32
    read_only:   True
    reset:       0x20b10dd
    value:       0x20b10dd

DR chain (IR code: 0x3ff):
    name:        BYPASS
    length:      1
    read_only:   False
    reset:       0x0
    value:       0x0

DR chain (IR code: 0xc):
    name:        USER0 - VDR

DR chain (IR code: 0xe):
    name:        USER1 - VIR
    length:      Unknown
    read_only:   False
    reset:       0x0
    value:       0x0


============================================================
12: Select-IR-Scan

IR chain:
    name:        IR
    length:      10
    read_only:   False
    reset:       0x6
    value:       0x6

DR chain (IR code: 0x6):       <<<<< SELECTED
    name:        IDCODE
    length:      32
    read_only:   True
    reset:       0x20b10dd
    value:       0x20b10dd

DR chain (IR code: 0x3ff):
    name:        BYPASS
    length:      1
    read_only:   False
    reset:       0x0
    value:       0x0

DR chain (IR code: 0xc):
    name:        USER0 - VDR

DR chain (IR code: 0xe):
    name:        USER1 - VIR
    length:      Unknown
    read_only:   False
    reset:       0x0
    value:       0x0


============================================================
13: Capture-IR

IR chain:
    name:        IR
    length:      10
    read_only:   False
    reset:       0x6
    value:       0x6

DR chain (IR code: 0x6):       <<<<< SELECTED
    name:        IDCODE
    length:      32
    read_only:   True
    reset:       0x20b10dd
    value:       0x20b10dd

DR chain (IR code: 0x3ff):
    name:        BYPASS
    length:      1
    read_only:   False
    reset:       0x0
    value:       0x0

DR chain (IR code: 0xc):
    name:        USER0 - VDR

DR chain (IR code: 0xe):
    name:        USER1 - VIR
    length:      Unknown
    read_only:   False
    reset:       0x0
    value:       0x0


============================================================
14: Shift-IR - TDI 0x1ffffffffffffffffffffffff0fecc0ff - TDO 0x1fffffffffffffffffffffc3fb303fd55 - 129

Note: Lower TDO value match! 0x155
Note: Upper TDO value match! 0x7fffffffffffffffffffff0fecc0ff
Action: Update value: 0x6 -> 0x3ff
IR chain:
    name:        IR
    length:      10
    read_only:   False
    reset:       0x6
    value:       0x3ff

DR chain (IR code: 0x6):
    name:        IDCODE
    length:      32
    read_only:   True
    reset:       0x20b10dd
    value:       0x20b10dd

DR chain (IR code: 0x3ff):       <<<<< SELECTED
    name:        BYPASS
    length:      1
    read_only:   False
    reset:       0x0
    value:       0x0

DR chain (IR code: 0xc):
    name:        USER0 - VDR

DR chain (IR code: 0xe):
    name:        USER1 - VIR
    length:      Unknown
    read_only:   False
    reset:       0x0
    value:       0x0


============================================================
15: Exit1-IR

IR chain:
    name:        IR
    length:      10
    read_only:   False
    reset:       0x6
    value:       0x3ff

DR chain (IR code: 0x6):
    name:        IDCODE
    length:      32
    read_only:   True
    reset:       0x20b10dd
    value:       0x20b10dd

DR chain (IR code: 0x3ff):       <<<<< SELECTED
    name:        BYPASS
    length:      1
    read_only:   False
    reset:       0x0
    value:       0x0

DR chain (IR code: 0xc):
    name:        USER0 - VDR

DR chain (IR code: 0xe):
    name:        USER1 - VIR
    length:      Unknown
    read_only:   False
    reset:       0x0
    value:       0x0


============================================================
16: Update-IR

IR chain:
    name:        IR
    length:      10
    read_only:   False
    reset:       0x6
    value:       0x3ff

DR chain (IR code: 0x6):
    name:        IDCODE
    length:      32
    read_only:   True
    reset:       0x20b10dd
    value:       0x20b10dd

DR chain (IR code: 0x3ff):       <<<<< SELECTED
    name:        BYPASS
    length:      1
    read_only:   False
    reset:       0x0
    value:       0x0

DR chain (IR code: 0xc):
    name:        USER0 - VDR

DR chain (IR code: 0xe):
    name:        USER1 - VIR
    length:      Unknown
    read_only:   False
    reset:       0x0
    value:       0x0


============================================================
17: Select-DR-Scan

IR chain:
    name:        IR
    length:      10
    read_only:   False
    reset:       0x6
    value:       0x3ff

DR chain (IR code: 0x6):
    name:        IDCODE
    length:      32
    read_only:   True
    reset:       0x20b10dd
    value:       0x20b10dd

DR chain (IR code: 0x3ff):       <<<<< SELECTED
    name:        BYPASS
    length:      1
    read_only:   False
    reset:       0x0
    value:       0x0

DR chain (IR code: 0xc):
    name:        USER0 - VDR

DR chain (IR code: 0xe):
    name:        USER1 - VIR
    length:      Unknown
    read_only:   False
    reset:       0x0
    value:       0x0


============================================================
18: Select-IR-Scan

IR chain:
    name:        IR
    length:      10
    read_only:   False
    reset:       0x6
    value:       0x3ff

DR chain (IR code: 0x6):
    name:        IDCODE
    length:      32
    read_only:   True
    reset:       0x20b10dd
    value:       0x20b10dd

DR chain (IR code: 0x3ff):       <<<<< SELECTED
    name:        BYPASS
    length:      1
    read_only:   False
    reset:       0x0
    value:       0x0

DR chain (IR code: 0xc):
    name:        USER0 - VDR

DR chain (IR code: 0xe):
    name:        USER1 - VIR
    length:      Unknown
    read_only:   False
    reset:       0x0
    value:       0x0


============================================================
19: Capture-IR

IR chain:
    name:        IR
    length:      10
    read_only:   False
    reset:       0x6
    value:       0x3ff

DR chain (IR code: 0x6):
    name:        IDCODE
    length:      32
    read_only:   True
    reset:       0x20b10dd
    value:       0x20b10dd

DR chain (IR code: 0x3ff):       <<<<< SELECTED
    name:        BYPASS
    length:      1
    read_only:   False
    reset:       0x0
    value:       0x0

DR chain (IR code: 0xc):
    name:        USER0 - VDR

DR chain (IR code: 0xe):
    name:        USER1 - VIR
    length:      Unknown
    read_only:   False
    reset:       0x0
    value:       0x0


============================================================
20: Shift-IR - TDI 0x1ffffffffffffffffffffffff0fecc0ff - TDO 0x1fffffffffffffffffffffc3fb303fd55 - 129

Note: Lower TDO value match! 0x155
Note: Upper TDO value match! 0x7fffffffffffffffffffff0fecc0ff
Action: Update value: 0x3ff -> 0x3ff
IR chain:
    name:        IR
    length:      10
    read_only:   False
    reset:       0x6
    value:       0x3ff

DR chain (IR code: 0x6):
    name:        IDCODE
    length:      32
    read_only:   True
    reset:       0x20b10dd
    value:       0x20b10dd

DR chain (IR code: 0x3ff):       <<<<< SELECTED
    name:        BYPASS
    length:      1
    read_only:   False
    reset:       0x0
    value:       0x0

DR chain (IR code: 0xc):
    name:        USER0 - VDR

DR chain (IR code: 0xe):
    name:        USER1 - VIR
    length:      Unknown
    read_only:   False
    reset:       0x0
    value:       0x0


============================================================
21: Exit1-IR

IR chain:
    name:        IR
    length:      10
    read_only:   False
    reset:       0x6
    value:       0x3ff

DR chain (IR code: 0x6):
    name:        IDCODE
    length:      32
    read_only:   True
    reset:       0x20b10dd
    value:       0x20b10dd

DR chain (IR code: 0x3ff):       <<<<< SELECTED
    name:        BYPASS
    length:      1
    read_only:   False
    reset:       0x0
    value:       0x0

DR chain (IR code: 0xc):
    name:        USER0 - VDR

DR chain (IR code: 0xe):
    name:        USER1 - VIR
    length:      Unknown
    read_only:   False
    reset:       0x0
    value:       0x0


============================================================
22: Update-IR

IR chain:
    name:        IR
    length:      10
    read_only:   False
    reset:       0x6
    value:       0x3ff

DR chain (IR code: 0x6):
    name:        IDCODE
    length:      32
    read_only:   True
    reset:       0x20b10dd
    value:       0x20b10dd

DR chain (IR code: 0x3ff):       <<<<< SELECTED
    name:        BYPASS
    length:      1
    read_only:   False
    reset:       0x0
    value:       0x0

DR chain (IR code: 0xc):
    name:        USER0 - VDR

DR chain (IR code: 0xe):
    name:        USER1 - VIR
    length:      Unknown
    read_only:   False
    reset:       0x0
    value:       0x0


============================================================
23: Select-DR-Scan

IR chain:
    name:        IR
    length:      10
    read_only:   False
    reset:       0x6
    value:       0x3ff

DR chain (IR code: 0x6):
    name:        IDCODE
    length:      32
    read_only:   True
    reset:       0x20b10dd
    value:       0x20b10dd

DR chain (IR code: 0x3ff):       <<<<< SELECTED
    name:        BYPASS
    length:      1
    read_only:   False
    reset:       0x0
    value:       0x0

DR chain (IR code: 0xc):
    name:        USER0 - VDR

DR chain (IR code: 0xe):
    name:        USER1 - VIR
    length:      Unknown
    read_only:   False
    reset:       0x0
    value:       0x0


============================================================
24: Capture-DR

IR chain:
    name:        IR
    length:      10
    read_only:   False
    reset:       0x6
    value:       0x3ff

DR chain (IR code: 0x6):
    name:        IDCODE
    length:      32
    read_only:   True
    reset:       0x20b10dd
    value:       0x20b10dd

DR chain (IR code: 0x3ff):       <<<<< SELECTED
    name:        BYPASS
    length:      1
    read_only:   False
    reset:       0x0
    value:       0x0

DR chain (IR code: 0xc):
    name:        USER0 - VDR

DR chain (IR code: 0xe):
    name:        USER1 - VIR
    length:      Unknown
    read_only:   False
    reset:       0x0
    value:       0x0


============================================================
25: Shift-DR - TDI 0x1ffffffffffffffffffffffff0fecc0ff - TDO 0x1fffffffffffffffffffffffe1fd981fe - 129

Shift-DR: BYPASS

Note: Upper TDO value match! 0xffffffffffffffffffffffff0fecc0ff
Action: Update value: 0x0 -> 0x1
IR chain:
    name:        IR
    length:      10
    read_only:   False
    reset:       0x6
    value:       0x3ff

DR chain (IR code: 0x6):
    name:        IDCODE
    length:      32
    read_only:   True
    reset:       0x20b10dd
    value:       0x20b10dd

DR chain (IR code: 0x3ff):       <<<<< SELECTED
    name:        BYPASS
    length:      1
    read_only:   False
    reset:       0x0
    value:       0x1

DR chain (IR code: 0xc):
    name:        USER0 - VDR

DR chain (IR code: 0xe):
    name:        USER1 - VIR
    length:      Unknown
    read_only:   False
    reset:       0x0
    value:       0x0


============================================================
26: Exit1-DR

IR chain:
    name:        IR
    length:      10
    read_only:   False
    reset:       0x6
    value:       0x3ff

DR chain (IR code: 0x6):
    name:        IDCODE
    length:      32
    read_only:   True
    reset:       0x20b10dd
    value:       0x20b10dd

DR chain (IR code: 0x3ff):       <<<<< SELECTED
    name:        BYPASS
    length:      1
    read_only:   False
    reset:       0x0
    value:       0x1

DR chain (IR code: 0xc):
    name:        USER0 - VDR

DR chain (IR code: 0xe):
    name:        USER1 - VIR
    length:      Unknown
    read_only:   False
    reset:       0x0
    value:       0x0


============================================================
27: Update-DR

IR chain:
    name:        IR
    length:      10
    read_only:   False
    reset:       0x6
    value:       0x3ff

DR chain (IR code: 0x6):
    name:        IDCODE
    length:      32
    read_only:   True
    reset:       0x20b10dd
    value:       0x20b10dd

DR chain (IR code: 0x3ff):       <<<<< SELECTED
    name:        BYPASS
    length:      1
    read_only:   False
    reset:       0x0
    value:       0x1

DR chain (IR code: 0xc):
    name:        USER0 - VDR

DR chain (IR code: 0xe):
    name:        USER1 - VIR
    length:      Unknown
    read_only:   False
    reset:       0x0
    value:       0x0


============================================================
28: Select-DR-Scan

IR chain:
    name:        IR
    length:      10
    read_only:   False
    reset:       0x6
    value:       0x3ff

DR chain (IR code: 0x6):
    name:        IDCODE
    length:      32
    read_only:   True
    reset:       0x20b10dd
    value:       0x20b10dd

DR chain (IR code: 0x3ff):       <<<<< SELECTED
    name:        BYPASS
    length:      1
    read_only:   False
    reset:       0x0
    value:       0x1

DR chain (IR code: 0xc):
    name:        USER0 - VDR

DR chain (IR code: 0xe):
    name:        USER1 - VIR
    length:      Unknown
    read_only:   False
    reset:       0x0
    value:       0x0


============================================================
29: Select-IR-Scan

IR chain:
    name:        IR
    length:      10
    read_only:   False
    reset:       0x6
    value:       0x3ff

DR chain (IR code: 0x6):
    name:        IDCODE
    length:      32
    read_only:   True
    reset:       0x20b10dd
    value:       0x20b10dd

DR chain (IR code: 0x3ff):       <<<<< SELECTED
    name:        BYPASS
    length:      1
    read_only:   False
    reset:       0x0
    value:       0x1

DR chain (IR code: 0xc):
    name:        USER0 - VDR

DR chain (IR code: 0xe):
    name:        USER1 - VIR
    length:      Unknown
    read_only:   False
    reset:       0x0
    value:       0x0


============================================================
30: Capture-IR

IR chain:
    name:        IR
    length:      10
    read_only:   False
    reset:       0x6
    value:       0x3ff

DR chain (IR code: 0x6):
    name:        IDCODE
    length:      32
    read_only:   True
    reset:       0x20b10dd
    value:       0x20b10dd

DR chain (IR code: 0x3ff):       <<<<< SELECTED
    name:        BYPASS
    length:      1
    read_only:   False
    reset:       0x0
    value:       0x1

DR chain (IR code: 0xc):
    name:        USER0 - VDR

DR chain (IR code: 0xe):
    name:        USER1 - VIR
    length:      Unknown
    read_only:   False
    reset:       0x0
    value:       0x0


============================================================
31: Shift-IR - TDI 0x3ff - TDO 0x155 - 10

Note: Lower TDO value match! 0x155
Action: Update value: 0x3ff -> 0x3ff
IR chain:
    name:        IR
    length:      10
    read_only:   False
    reset:       0x6
    value:       0x3ff

DR chain (IR code: 0x6):
    name:        IDCODE
    length:      32
    read_only:   True
    reset:       0x20b10dd
    value:       0x20b10dd

DR chain (IR code: 0x3ff):       <<<<< SELECTED
    name:        BYPASS
    length:      1
    read_only:   False
    reset:       0x0
    value:       0x1

DR chain (IR code: 0xc):
    name:        USER0 - VDR

DR chain (IR code: 0xe):
    name:        USER1 - VIR
    length:      Unknown
    read_only:   False
    reset:       0x0
    value:       0x0


============================================================
32: Exit1-IR

IR chain:
    name:        IR
    length:      10
    read_only:   False
    reset:       0x6
    value:       0x3ff

DR chain (IR code: 0x6):
    name:        IDCODE
    length:      32
    read_only:   True
    reset:       0x20b10dd
    value:       0x20b10dd

DR chain (IR code: 0x3ff):       <<<<< SELECTED
    name:        BYPASS
    length:      1
    read_only:   False
    reset:       0x0
    value:       0x1

DR chain (IR code: 0xc):
    name:        USER0 - VDR

DR chain (IR code: 0xe):
    name:        USER1 - VIR
    length:      Unknown
    read_only:   False
    reset:       0x0
    value:       0x0


============================================================
33: Update-IR

IR chain:
    name:        IR
    length:      10
    read_only:   False
    reset:       0x6
    value:       0x3ff

DR chain (IR code: 0x6):
    name:        IDCODE
    length:      32
    read_only:   True
    reset:       0x20b10dd
    value:       0x20b10dd

DR chain (IR code: 0x3ff):       <<<<< SELECTED
    name:        BYPASS
    length:      1
    read_only:   False
    reset:       0x0
    value:       0x1

DR chain (IR code: 0xc):
    name:        USER0 - VDR

DR chain (IR code: 0xe):
    name:        USER1 - VIR
    length:      Unknown
    read_only:   False
    reset:       0x0
    value:       0x0


============================================================
34: Select-DR-Scan

IR chain:
    name:        IR
    length:      10
    read_only:   False
    reset:       0x6
    value:       0x3ff

DR chain (IR code: 0x6):
    name:        IDCODE
    length:      32
    read_only:   True
    reset:       0x20b10dd
    value:       0x20b10dd

DR chain (IR code: 0x3ff):       <<<<< SELECTED
    name:        BYPASS
    length:      1
    read_only:   False
    reset:       0x0
    value:       0x1

DR chain (IR code: 0xc):
    name:        USER0 - VDR

DR chain (IR code: 0xe):
    name:        USER1 - VIR
    length:      Unknown
    read_only:   False
    reset:       0x0
    value:       0x0


============================================================
35: Capture-DR

IR chain:
    name:        IR
    length:      10
    read_only:   False
    reset:       0x6
    value:       0x3ff

DR chain (IR code: 0x6):
    name:        IDCODE
    length:      32
    read_only:   True
    reset:       0x20b10dd
    value:       0x20b10dd

DR chain (IR code: 0x3ff):       <<<<< SELECTED
    name:        BYPASS
    length:      1
    read_only:   False
    reset:       0x0
    value:       0x1

DR chain (IR code: 0xc):
    name:        USER0 - VDR

DR chain (IR code: 0xe):
    name:        USER1 - VIR
    length:      Unknown
    read_only:   False
    reset:       0x0
    value:       0x0


============================================================
36: Shift-DR - TDI 0x0 - TDO 0x0 - 7

Shift-DR: BYPASS

Note: Lower TDO value match! 0x0
Note: Upper TDO value match! 0x0
Action: Update value: 0x1 -> 0x0
IR chain:
    name:        IR
    length:      10
    read_only:   False
    reset:       0x6
    value:       0x3ff

DR chain (IR code: 0x6):
    name:        IDCODE
    length:      32
    read_only:   True
    reset:       0x20b10dd
    value:       0x20b10dd

DR chain (IR code: 0x3ff):       <<<<< SELECTED
    name:        BYPASS
    length:      1
    read_only:   False
    reset:       0x0
    value:       0x0

DR chain (IR code: 0xc):
    name:        USER0 - VDR

DR chain (IR code: 0xe):
    name:        USER1 - VIR
    length:      Unknown
    read_only:   False
    reset:       0x0
    value:       0x0


============================================================
37: Exit1-DR

IR chain:
    name:        IR
    length:      10
    read_only:   False
    reset:       0x6
    value:       0x3ff

DR chain (IR code: 0x6):
    name:        IDCODE
    length:      32
    read_only:   True
    reset:       0x20b10dd
    value:       0x20b10dd

DR chain (IR code: 0x3ff):       <<<<< SELECTED
    name:        BYPASS
    length:      1
    read_only:   False
    reset:       0x0
    value:       0x0

DR chain (IR code: 0xc):
    name:        USER0 - VDR

DR chain (IR code: 0xe):
    name:        USER1 - VIR
    length:      Unknown
    read_only:   False
    reset:       0x0
    value:       0x0


============================================================
38: Update-DR

IR chain:
    name:        IR
    length:      10
    read_only:   False
    reset:       0x6
    value:       0x3ff

DR chain (IR code: 0x6):
    name:        IDCODE
    length:      32
    read_only:   True
    reset:       0x20b10dd
    value:       0x20b10dd

DR chain (IR code: 0x3ff):       <<<<< SELECTED
    name:        BYPASS
    length:      1
    read_only:   False
    reset:       0x0
    value:       0x0

DR chain (IR code: 0xc):
    name:        USER0 - VDR

DR chain (IR code: 0xe):
    name:        USER1 - VIR
    length:      Unknown
    read_only:   False
    reset:       0x0
    value:       0x0


============================================================
39: Select-DR-Scan

IR chain:
    name:        IR
    length:      10
    read_only:   False
    reset:       0x6
    value:       0x3ff

DR chain (IR code: 0x6):
    name:        IDCODE
    length:      32
    read_only:   True
    reset:       0x20b10dd
    value:       0x20b10dd

DR chain (IR code: 0x3ff):       <<<<< SELECTED
    name:        BYPASS
    length:      1
    read_only:   False
    reset:       0x0
    value:       0x0

DR chain (IR code: 0xc):
    name:        USER0 - VDR

DR chain (IR code: 0xe):
    name:        USER1 - VIR
    length:      Unknown
    read_only:   False
    reset:       0x0
    value:       0x0


============================================================
40: Select-IR-Scan

IR chain:
    name:        IR
    length:      10
    read_only:   False
    reset:       0x6
    value:       0x3ff

DR chain (IR code: 0x6):
    name:        IDCODE
    length:      32
    read_only:   True
    reset:       0x20b10dd
    value:       0x20b10dd

DR chain (IR code: 0x3ff):       <<<<< SELECTED
    name:        BYPASS
    length:      1
    read_only:   False
    reset:       0x0
    value:       0x0

DR chain (IR code: 0xc):
    name:        USER0 - VDR

DR chain (IR code: 0xe):
    name:        USER1 - VIR
    length:      Unknown
    read_only:   False
    reset:       0x0
    value:       0x0


============================================================
41: Capture-IR

IR chain:
    name:        IR
    length:      10
    read_only:   False
    reset:       0x6
    value:       0x3ff

DR chain (IR code: 0x6):
    name:        IDCODE
    length:      32
    read_only:   True
    reset:       0x20b10dd
    value:       0x20b10dd

DR chain (IR code: 0x3ff):       <<<<< SELECTED
    name:        BYPASS
    length:      1
    read_only:   False
    reset:       0x0
    value:       0x0

DR chain (IR code: 0xc):
    name:        USER0 - VDR

DR chain (IR code: 0xe):
    name:        USER1 - VIR
    length:      Unknown
    read_only:   False
    reset:       0x0
    value:       0x0


============================================================
42: Shift-IR - TDI 0x3fffe - TDO 0x3f955 - 18

Note: Lower TDO value match! 0x155
Note: Upper TDO value match! 0xfe
Action: Update value: 0x3ff -> 0x3ff
IR chain:
    name:        IR
    length:      10
    read_only:   False
    reset:       0x6
    value:       0x3ff

DR chain (IR code: 0x6):
    name:        IDCODE
    length:      32
    read_only:   True
    reset:       0x20b10dd
    value:       0x20b10dd

DR chain (IR code: 0x3ff):       <<<<< SELECTED
    name:        BYPASS
    length:      1
    read_only:   False
    reset:       0x0
    value:       0x0

DR chain (IR code: 0xc):
    name:        USER0 - VDR

DR chain (IR code: 0xe):
    name:        USER1 - VIR
    length:      Unknown
    read_only:   False
    reset:       0x0
    value:       0x0


============================================================
43: Exit1-IR

IR chain:
    name:        IR
    length:      10
    read_only:   False
    reset:       0x6
    value:       0x3ff

DR chain (IR code: 0x6):
    name:        IDCODE
    length:      32
    read_only:   True
    reset:       0x20b10dd
    value:       0x20b10dd

DR chain (IR code: 0x3ff):       <<<<< SELECTED
    name:        BYPASS
    length:      1
    read_only:   False
    reset:       0x0
    value:       0x0

DR chain (IR code: 0xc):
    name:        USER0 - VDR

DR chain (IR code: 0xe):
    name:        USER1 - VIR
    length:      Unknown
    read_only:   False
    reset:       0x0
    value:       0x0


============================================================
44: Update-IR

IR chain:
    name:        IR
    length:      10
    read_only:   False
    reset:       0x6
    value:       0x3ff

DR chain (IR code: 0x6):
    name:        IDCODE
    length:      32
    read_only:   True
    reset:       0x20b10dd
    value:       0x20b10dd

DR chain (IR code: 0x3ff):       <<<<< SELECTED
    name:        BYPASS
    length:      1
    read_only:   False
    reset:       0x0
    value:       0x0

DR chain (IR code: 0xc):
    name:        USER0 - VDR

DR chain (IR code: 0xe):
    name:        USER1 - VIR
    length:      Unknown
    read_only:   False
    reset:       0x0
    value:       0x0


============================================================
45: Select-DR-Scan

IR chain:
    name:        IR
    length:      10
    read_only:   False
    reset:       0x6
    value:       0x3ff

DR chain (IR code: 0x6):
    name:        IDCODE
    length:      32
    read_only:   True
    reset:       0x20b10dd
    value:       0x20b10dd

DR chain (IR code: 0x3ff):       <<<<< SELECTED
    name:        BYPASS
    length:      1
    read_only:   False
    reset:       0x0
    value:       0x0

DR chain (IR code: 0xc):
    name:        USER0 - VDR

DR chain (IR code: 0xe):
    name:        USER1 - VIR
    length:      Unknown
    read_only:   False
    reset:       0x0
    value:       0x0


============================================================
46: Select-IR-Scan

IR chain:
    name:        IR
    length:      10
    read_only:   False
    reset:       0x6
    value:       0x3ff

DR chain (IR code: 0x6):
    name:        IDCODE
    length:      32
    read_only:   True
    reset:       0x20b10dd
    value:       0x20b10dd

DR chain (IR code: 0x3ff):       <<<<< SELECTED
    name:        BYPASS
    length:      1
    read_only:   False
    reset:       0x0
    value:       0x0

DR chain (IR code: 0xc):
    name:        USER0 - VDR

DR chain (IR code: 0xe):
    name:        USER1 - VIR
    length:      Unknown
    read_only:   False
    reset:       0x0
    value:       0x0


============================================================
47: Capture-IR

IR chain:
    name:        IR
    length:      10
    read_only:   False
    reset:       0x6
    value:       0x3ff

DR chain (IR code: 0x6):
    name:        IDCODE
    length:      32
    read_only:   True
    reset:       0x20b10dd
    value:       0x20b10dd

DR chain (IR code: 0x3ff):       <<<<< SELECTED
    name:        BYPASS
    length:      1
    read_only:   False
    reset:       0x0
    value:       0x0

DR chain (IR code: 0xc):
    name:        USER0 - VDR

DR chain (IR code: 0xe):
    name:        USER1 - VIR
    length:      Unknown
    read_only:   False
    reset:       0x0
    value:       0x0


============================================================
48: Shift-IR - TDI 0xe - TDO 0x155 - 10

Note: Lower TDO value match! 0x155
Action: Update value: 0x3ff -> 0xe
IR chain:
    name:        IR
    length:      10
    read_only:   False
    reset:       0x6
    value:       0xe

DR chain (IR code: 0x6):
    name:        IDCODE
    length:      32
    read_only:   True
    reset:       0x20b10dd
    value:       0x20b10dd

DR chain (IR code: 0x3ff):
    name:        BYPASS
    length:      1
    read_only:   False
    reset:       0x0
    value:       0x0

DR chain (IR code: 0xc):
    name:        USER0 - VDR

DR chain (IR code: 0xe):       <<<<< SELECTED
    name:        USER1 - VIR
    length:      Unknown
    read_only:   False
    reset:       0x0
    value:       0x0


============================================================
49: Exit1-IR

IR chain:
    name:        IR
    length:      10
    read_only:   False
    reset:       0x6
    value:       0xe

DR chain (IR code: 0x6):
    name:        IDCODE
    length:      32
    read_only:   True
    reset:       0x20b10dd
    value:       0x20b10dd

DR chain (IR code: 0x3ff):
    name:        BYPASS
    length:      1
    read_only:   False
    reset:       0x0
    value:       0x0

DR chain (IR code: 0xc):
    name:        USER0 - VDR

DR chain (IR code: 0xe):       <<<<< SELECTED
    name:        USER1 - VIR
    length:      Unknown
    read_only:   False
    reset:       0x0
    value:       0x0


============================================================
50: Update-IR

IR chain:
    name:        IR
    length:      10
    read_only:   False
    reset:       0x6
    value:       0xe

DR chain (IR code: 0x6):
    name:        IDCODE
    length:      32
    read_only:   True
    reset:       0x20b10dd
    value:       0x20b10dd

DR chain (IR code: 0x3ff):
    name:        BYPASS
    length:      1
    read_only:   False
    reset:       0x0
    value:       0x0

DR chain (IR code: 0xc):
    name:        USER0 - VDR

DR chain (IR code: 0xe):       <<<<< SELECTED
    name:        USER1 - VIR
    length:      Unknown
    read_only:   False
    reset:       0x0
    value:       0x0


============================================================
51: Select-DR-Scan

IR chain:
    name:        IR
    length:      10
    read_only:   False
    reset:       0x6
    value:       0xe

DR chain (IR code: 0x6):
    name:        IDCODE
    length:      32
    read_only:   True
    reset:       0x20b10dd
    value:       0x20b10dd

DR chain (IR code: 0x3ff):
    name:        BYPASS
    length:      1
    read_only:   False
    reset:       0x0
    value:       0x0

DR chain (IR code: 0xc):
    name:        USER0 - VDR

DR chain (IR code: 0xe):       <<<<< SELECTED
    name:        USER1 - VIR
    length:      Unknown
    read_only:   False
    reset:       0x0
    value:       0x0


============================================================
52: Capture-DR

IR chain:
    name:        IR
    length:      10
    read_only:   False
    reset:       0x6
    value:       0xe

DR chain (IR code: 0x6):
    name:        IDCODE
    length:      32
    read_only:   True
    reset:       0x20b10dd
    value:       0x20b10dd

DR chain (IR code: 0x3ff):
    name:        BYPASS
    length:      1
    read_only:   False
    reset:       0x0
    value:       0x0

DR chain (IR code: 0xc):
    name:        USER0 - VDR

DR chain (IR code: 0xe):       <<<<< SELECTED
    name:        USER1 - VIR
    length:      Unknown
    read_only:   False
    reset:       0x0
    value:       0x0


============================================================
53: Shift-DR - TDI 000000000000000x400000000000000000 - TDO 0000000000000x80000000000000000040 - 135

Shift-DR: USER1 - VIR

Note: USER1 chain length: 9
Note: Upper TDO value match! 0x400000000000000000
Action: Update value: 0x0 -> 0x0
